"../../../Engine/Content/EngineResources/DefaultTexture.ubulk" 0
"../../../Engine/Content/EngineResources/DefaultTexture.uasset" 1
"../../../Engine/Content/EngineResources/DefaultTexture.uexp" 2
"../../../Engine/Content/EngineResources/DefaultTextureCube.uasset" 3
"../../../Engine/Content/EngineResources/DefaultTextureCube.uexp" 4
"../../../Engine/Content/EngineResources/DefaultVolumeTexture2D.uasset" 5
"../../../Engine/Content/EngineResources/DefaultVolumeTexture2D.uexp" 6
"../../../Engine/Content/EngineResources/DefaultVolumeTexture.uasset" 7
"../../../Engine/Content/EngineResources/DefaultVolumeTexture.uexp" 8
"../../../Engine/Content/EngineMeshes/Sphere.ubulk" 9
"../../../Engine/Content/EngineMeshes/Sphere.uasset" 10
"../../../Engine/Content/EngineMeshes/Sphere.uexp" 11
"../../../Engine/Content/EngineResources/GradientTexture0.uasset" 12
"../../../Engine/Content/EngineResources/GradientTexture0.uexp" 13
"../../../Engine/Content/EngineResources/Black.uasset" 14
"../../../Engine/Content/EngineResources/Black.uexp" 15
"../../../Engine/Content/EngineMaterials/T_Default_Material_Grid_M.ubulk" 16
"../../../Engine/Content/EngineMaterials/T_Default_Material_Grid_M.uasset" 17
"../../../Engine/Content/EngineMaterials/T_Default_Material_Grid_M.uexp" 18
"../../../Engine/Content/EngineMaterials/T_Default_Material_Grid_N.ubulk" 19
"../../../Engine/Content/EngineMaterials/T_Default_Material_Grid_N.uasset" 20
"../../../Engine/Content/EngineMaterials/T_Default_Material_Grid_N.uexp" 21
"../../../Engine/Content/Functions/Engine_MaterialFunctions01/Opacity/CameraDepthFade.uasset" 22
"../../../Engine/Content/Functions/Engine_MaterialFunctions01/Opacity/CameraDepthFade.uexp" 23
"../../../Engine/Content/EngineMaterials/WorldGridMaterial.uasset" 24
"../../../Engine/Content/EngineMaterials/WorldGridMaterial.uexp" 25
"../../../Engine/Content/ArtTools/RenderToTexture/Meshes/S_1_Unit_Plane.ubulk" 26
"../../../Engine/Content/ArtTools/RenderToTexture/Meshes/S_1_Unit_Plane.uasset" 27
"../../../Engine/Content/ArtTools/RenderToTexture/Meshes/S_1_Unit_Plane.uexp" 28
"../../../Engine/Plugins/Media/MediaPlate/Content/SM_MediaPlateScreen.ubulk" 29
"../../../Engine/Plugins/Media/MediaPlate/Content/SM_MediaPlateScreen.uasset" 30
"../../../Engine/Plugins/Media/MediaPlate/Content/SM_MediaPlateScreen.uexp" 31
"../../../Engine/Content/EngineMaterials/DefaultBokeh.uasset" 32
"../../../Engine/Content/EngineMaterials/DefaultBokeh.uexp" 33
"../../../Engine/Content/EngineMaterials/MiniFont.uasset" 34
"../../../Engine/Content/EngineMaterials/MiniFont.uexp" 35
"../../../Engine/Content/EngineMaterials/WeightMapPlaceholderTexture.uasset" 36
"../../../Engine/Content/EngineMaterials/WeightMapPlaceholderTexture.uexp" 37
"../../../Engine/Content/EngineMaterials/WeightMapArrayPlaceholderTexture.uasset" 38
"../../../Engine/Content/EngineMaterials/WeightMapArrayPlaceholderTexture.uexp" 39
"../../../Engine/Content/EngineMaterials/DefaultWhiteGrid.ubulk" 40
"../../../Engine/Content/EngineMaterials/DefaultWhiteGrid.uasset" 41
"../../../Engine/Content/EngineMaterials/DefaultWhiteGrid.uexp" 42
"../../../Engine/Content/EngineMaterials/PreintegratedSkinBRDF.uasset" 43
"../../../Engine/Content/EngineMaterials/PreintegratedSkinBRDF.uexp" 44
"../../../Engine/Plugins/Runtime/MeshModelingToolset/Content/Materials/M_DynamicMeshComponentVtxColor.uasset" 45
"../../../Engine/Plugins/Runtime/MeshModelingToolset/Content/Materials/M_DynamicMeshComponentVtxColor.uexp" 46
"../../../Engine/Content/Functions/Engine_MaterialFunctions02/Utility/CameraDirectionVector.uasset" 47
"../../../Engine/Content/Functions/Engine_MaterialFunctions02/Utility/CameraDirectionVector.uexp" 48
"../../../Engine/Content/Functions/Engine_MaterialFunctions01/Volumetrics/BeersLaw.uasset" 49
"../../../Engine/Content/Functions/Engine_MaterialFunctions01/Volumetrics/BeersLaw.uexp" 50
"../../../Engine/Content/EngineMaterials/Good64x64TilingNoiseHighFreq.uasset" 51
"../../../Engine/Content/EngineMaterials/Good64x64TilingNoiseHighFreq.uexp" 52
"../../../Engine/Content/Functions/Engine_MaterialFunctions02/Texturing/ScreenAlignedPixelToPixelUVs.uasset" 53
"../../../Engine/Content/Functions/Engine_MaterialFunctions02/Texturing/ScreenAlignedPixelToPixelUVs.uexp" 54
"../../../Engine/Content/Functions/Engine_MaterialFunctions02/Utility/BreakOutFloat3Components.uasset" 55
"../../../Engine/Content/Functions/Engine_MaterialFunctions02/Utility/BreakOutFloat3Components.uexp" 56
"../../../Engine/Content/Functions/Engine_MaterialFunctions03/Math/RemapValueRange.uasset" 57
"../../../Engine/Content/Functions/Engine_MaterialFunctions03/Math/RemapValueRange.uexp" 58
"../../../Engine/Plugins/Editor/SpeedTreeImporter/Content/SpeedTree9/game_wind_noise.ubulk" 59
"../../../Engine/Plugins/Editor/SpeedTreeImporter/Content/SpeedTree9/game_wind_noise.uasset" 60
"../../../Engine/Plugins/Editor/SpeedTreeImporter/Content/SpeedTree9/game_wind_noise.uexp" 61
"../../../Engine/Plugins/Editor/SpeedTreeImporter/Content/SpeedTree9/UnpackDirection.uasset" 62
"../../../Engine/Plugins/Editor/SpeedTreeImporter/Content/SpeedTree9/UnpackDirection.uexp" 63
"../../../Engine/Content/Functions/Engine_MaterialFunctions02/ObjectLocalBounds.uasset" 64
"../../../Engine/Content/Functions/Engine_MaterialFunctions02/ObjectLocalBounds.uexp" 65
"../../../Engine/Content/Functions/Engine_MaterialFunctions02/UVs/BoundingBoxBased_0-1_UVW.uasset" 66
"../../../Engine/Content/Functions/Engine_MaterialFunctions02/UVs/BoundingBoxBased_0-1_UVW.uexp" 67
"../../../Engine/Content/Functions/Engine_MaterialFunctions02/Utility/VectorLength.uasset" 68
"../../../Engine/Content/Functions/Engine_MaterialFunctions02/Utility/VectorLength.uexp" 69
"../../../Engine/Plugins/Editor/SpeedTreeImporter/Content/SpeedTree9/UnpackInteger3.uasset" 70
"../../../Engine/Plugins/Editor/SpeedTreeImporter/Content/SpeedTree9/UnpackInteger3.uexp" 71
"../../../Engine/Plugins/Editor/SpeedTreeImporter/Content/SpeedTree9/SpeedTreeCameraFacing.uasset" 72
"../../../Engine/Plugins/Editor/SpeedTreeImporter/Content/SpeedTree9/SpeedTreeCameraFacing.uexp" 73
"../../../Engine/Content/Functions/Engine_MaterialFunctions02/WorldPositionOffset/ObjectScale.uasset" 74
"../../../Engine/Content/Functions/Engine_MaterialFunctions02/WorldPositionOffset/ObjectScale.uexp" 75
"../../../Engine/Content/Functions/Engine_MaterialFunctions02/SafeNormalize.uasset" 76
"../../../Engine/Content/Functions/Engine_MaterialFunctions02/SafeNormalize.uexp" 77
"../../../Engine/Plugins/Editor/SpeedTreeImporter/Content/SpeedTree9/SpeedTreeWindMotion.uasset" 78
"../../../Engine/Plugins/Editor/SpeedTreeImporter/Content/SpeedTree9/SpeedTreeWindMotion.uexp" 79
"../../../Engine/Plugins/Editor/SpeedTreeImporter/Content/SpeedTree9/SpeedTreeBranchMotion.uasset" 80
"../../../Engine/Plugins/Editor/SpeedTreeImporter/Content/SpeedTree9/SpeedTreeBranchMotion.uexp" 81
"../../../Engine/Plugins/Editor/SpeedTreeImporter/Content/SpeedTree9/SpeedTreeWind.uasset" 82
"../../../Engine/Plugins/Editor/SpeedTreeImporter/Content/SpeedTree9/SpeedTreeWind.uexp" 83
"../../../Engine/Plugins/Editor/SpeedTreeImporter/Content/SpeedTree9/EmptyNormal.uasset" 84
"../../../Engine/Plugins/Editor/SpeedTreeImporter/Content/SpeedTree9/EmptyNormal.uexp" 85
"../../../Engine/Plugins/Editor/SpeedTreeImporter/Content/SpeedTree9/Empty.uasset" 86
"../../../Engine/Plugins/Editor/SpeedTreeImporter/Content/SpeedTree9/Empty.uexp" 87
"../../../Engine/Plugins/Editor/SpeedTreeImporter/Content/SpeedTree9/SpeedTreeMaster.uasset" 88
"../../../Engine/Plugins/Editor/SpeedTreeImporter/Content/SpeedTree9/SpeedTreeMaster.uexp" 89
"../../../Engine/Plugins/Editor/SpeedTreeImporter/Content/SpeedTree9/SpeedTreeBillboard.uasset" 90
"../../../Engine/Plugins/Editor/SpeedTreeImporter/Content/SpeedTree9/SpeedTreeBillboard.uexp" 91
"../../../Engine/Plugins/Editor/SpeedTreeImporter/Content/SpeedTree9/SpeedTreeBillboardMaster.uasset" 92
"../../../Engine/Plugins/Editor/SpeedTreeImporter/Content/SpeedTree9/SpeedTreeBillboardMaster.uexp" 93
"../../../Engine/Content/Functions/Engine_MaterialFunctions02/WorldPositionOffset/CameraOffset.uasset" 94
"../../../Engine/Content/Functions/Engine_MaterialFunctions02/WorldPositionOffset/CameraOffset.uexp" 95
"../../../Engine/Plugins/Animation/ControlRig/Content/M_Manip.uasset" 96
"../../../Engine/Plugins/Animation/ControlRig/Content/M_Manip.uexp" 97
"../../../Engine/Plugins/Animation/ControlRig/Content/Controls/DefaultGizmoLibraryNormalized.uasset" 98
"../../../Engine/Plugins/Animation/ControlRig/Content/Controls/DefaultGizmoLibraryNormalized.uexp" 99
"../../../Engine/Plugins/Animation/ControlRig/Content/Controls/ControlRig_Wedge_solid.ubulk" 100
"../../../Engine/Plugins/Animation/ControlRig/Content/Controls/ControlRig_Wedge_solid.uasset" 101
"../../../Engine/Plugins/Animation/ControlRig/Content/Controls/ControlRig_Wedge_solid.uexp" 102
"../../../Engine/Plugins/Animation/ControlRig/Content/Controls/ControlRig_Wedge_3mm.ubulk" 103
"../../../Engine/Plugins/Animation/ControlRig/Content/Controls/ControlRig_Wedge_3mm.uasset" 104
"../../../Engine/Plugins/Animation/ControlRig/Content/Controls/ControlRig_Wedge_3mm.uexp" 105
"../../../Engine/Plugins/Animation/ControlRig/Content/Controls/ControlRig_Wedge_1mm.ubulk" 106
"../../../Engine/Plugins/Animation/ControlRig/Content/Controls/ControlRig_Wedge_1mm.uasset" 107
"../../../Engine/Plugins/Animation/ControlRig/Content/Controls/ControlRig_Wedge_1mm.uexp" 108
"../../../Engine/Plugins/Animation/ControlRig/Content/Controls/ControlRig_Triangle_solid.ubulk" 109
"../../../Engine/Plugins/Animation/ControlRig/Content/Controls/ControlRig_Triangle_solid.uasset" 110
"../../../Engine/Plugins/Animation/ControlRig/Content/Controls/ControlRig_Triangle_solid.uexp" 111
"../../../Engine/Plugins/Animation/ControlRig/Content/Controls/ControlRig_Triangle_3mm.ubulk" 112
"../../../Engine/Plugins/Animation/ControlRig/Content/Controls/ControlRig_Triangle_3mm.uasset" 113
"../../../Engine/Plugins/Animation/ControlRig/Content/Controls/ControlRig_Triangle_3mm.uexp" 114
"../../../Engine/Plugins/Animation/ControlRig/Content/Controls/ControlRig_Triangle_1mm.ubulk" 115
"../../../Engine/Plugins/Animation/ControlRig/Content/Controls/ControlRig_Triangle_1mm.uasset" 116
"../../../Engine/Plugins/Animation/ControlRig/Content/Controls/ControlRig_Triangle_1mm.uexp" 117
"../../../Engine/Plugins/Animation/ControlRig/Content/Controls/ControlRig_Star4_solid.ubulk" 118
"../../../Engine/Plugins/Animation/ControlRig/Content/Controls/ControlRig_Star4_solid.uasset" 119
"../../../Engine/Plugins/Animation/ControlRig/Content/Controls/ControlRig_Star4_solid.uexp" 120
"../../../Engine/Plugins/Animation/ControlRig/Content/Controls/ControlRig_Star4_3mm.ubulk" 121
"../../../Engine/Plugins/Animation/ControlRig/Content/Controls/ControlRig_Star4_3mm.uasset" 122
"../../../Engine/Plugins/Animation/ControlRig/Content/Controls/ControlRig_Star4_3mm.uexp" 123
"../../../Engine/Plugins/Animation/ControlRig/Content/Controls/ControlRig_Star4_1mm.ubulk" 124
"../../../Engine/Plugins/Animation/ControlRig/Content/Controls/ControlRig_Star4_1mm.uasset" 125
"../../../Engine/Plugins/Animation/ControlRig/Content/Controls/ControlRig_Star4_1mm.uexp" 126
"../../../Engine/Plugins/Animation/ControlRig/Content/Controls/ControlRig_Square_solid.ubulk" 127
"../../../Engine/Plugins/Animation/ControlRig/Content/Controls/ControlRig_Square_solid.uasset" 128
"../../../Engine/Plugins/Animation/ControlRig/Content/Controls/ControlRig_Square_solid.uexp" 129
"../../../Engine/Plugins/Animation/ControlRig/Content/Controls/ControlRig_Square_3mm.ubulk" 130
"../../../Engine/Plugins/Animation/ControlRig/Content/Controls/ControlRig_Square_3mm.uasset" 131
"../../../Engine/Plugins/Animation/ControlRig/Content/Controls/ControlRig_Square_3mm.uexp" 132
"../../../Engine/Plugins/Animation/ControlRig/Content/Controls/ControlRig_Square_1mm.ubulk" 133
"../../../Engine/Plugins/Animation/ControlRig/Content/Controls/ControlRig_Square_1mm.uasset" 134
"../../../Engine/Plugins/Animation/ControlRig/Content/Controls/ControlRig_Square_1mm.uexp" 135
"../../../Engine/Plugins/Animation/ControlRig/Content/Controls/ControlRig_Sphere_solid.ubulk" 136
"../../../Engine/Plugins/Animation/ControlRig/Content/Controls/ControlRig_Sphere_solid.uasset" 137
"../../../Engine/Plugins/Animation/ControlRig/Content/Controls/ControlRig_Sphere_solid.uexp" 138
"../../../Engine/Plugins/Animation/ControlRig/Content/Controls/ControlRig_Sphere_3mm.ubulk" 139
"../../../Engine/Plugins/Animation/ControlRig/Content/Controls/ControlRig_Sphere_3mm.uasset" 140
"../../../Engine/Plugins/Animation/ControlRig/Content/Controls/ControlRig_Sphere_3mm.uexp" 141
"../../../Engine/Plugins/Animation/ControlRig/Content/Controls/ControlRig_Sphere_1mm.ubulk" 142
"../../../Engine/Plugins/Animation/ControlRig/Content/Controls/ControlRig_Sphere_1mm.uasset" 143
"../../../Engine/Plugins/Animation/ControlRig/Content/Controls/ControlRig_Sphere_1mm.uexp" 144
"../../../Engine/Plugins/Animation/ControlRig/Content/Controls/ControlRig_RoundedTriangle_solid.ubulk" 145
"../../../Engine/Plugins/Animation/ControlRig/Content/Controls/ControlRig_RoundedTriangle_solid.uasset" 146
"../../../Engine/Plugins/Animation/ControlRig/Content/Controls/ControlRig_RoundedTriangle_solid.uexp" 147
"../../../Engine/Plugins/Animation/ControlRig/Content/Controls/ControlRig_RoundedTriangle_3mm.ubulk" 148
"../../../Engine/Plugins/Animation/ControlRig/Content/Controls/ControlRig_RoundedTriangle_3mm.uasset" 149
"../../../Engine/Plugins/Animation/ControlRig/Content/Controls/ControlRig_RoundedTriangle_3mm.uexp" 150
"../../../Engine/Plugins/Animation/ControlRig/Content/Controls/ControlRig_RoundedTriangle_1mm.ubulk" 151
"../../../Engine/Plugins/Animation/ControlRig/Content/Controls/ControlRig_RoundedTriangle_1mm.uasset" 152
"../../../Engine/Plugins/Animation/ControlRig/Content/Controls/ControlRig_RoundedTriangle_1mm.uexp" 153
"../../../Engine/Plugins/Animation/ControlRig/Content/Controls/ControlRig_RoundedSquare_solid.ubulk" 154
"../../../Engine/Plugins/Animation/ControlRig/Content/Controls/ControlRig_RoundedSquare_solid.uasset" 155
"../../../Engine/Plugins/Animation/ControlRig/Content/Controls/ControlRig_RoundedSquare_solid.uexp" 156
"../../../Engine/Plugins/Animation/ControlRig/Content/Controls/ControlRig_RoundedSquare_3mm.ubulk" 157
"../../../Engine/Plugins/Animation/ControlRig/Content/Controls/ControlRig_RoundedSquare_3mm.uasset" 158
"../../../Engine/Plugins/Animation/ControlRig/Content/Controls/ControlRig_RoundedSquare_3mm.uexp" 159
"../../../Engine/Plugins/Animation/ControlRig/Content/Controls/ControlRig_RoundedSquare_1mm.ubulk" 160
"../../../Engine/Plugins/Animation/ControlRig/Content/Controls/ControlRig_RoundedSquare_1mm.uasset" 161
"../../../Engine/Plugins/Animation/ControlRig/Content/Controls/ControlRig_RoundedSquare_1mm.uexp" 162
"../../../Engine/Plugins/Animation/ControlRig/Content/Controls/ControlRig_QuarterCircle_solid.ubulk" 163
"../../../Engine/Plugins/Animation/ControlRig/Content/Controls/ControlRig_QuarterCircle_solid.uasset" 164
"../../../Engine/Plugins/Animation/ControlRig/Content/Controls/ControlRig_QuarterCircle_solid.uexp" 165
"../../../Engine/Plugins/Animation/ControlRig/Content/Controls/ControlRig_QuarterCircle_3mm.ubulk" 166
"../../../Engine/Plugins/Animation/ControlRig/Content/Controls/ControlRig_QuarterCircle_3mm.uasset" 167
"../../../Engine/Plugins/Animation/ControlRig/Content/Controls/ControlRig_QuarterCircle_3mm.uexp" 168
"../../../Engine/Plugins/Animation/ControlRig/Content/Controls/ControlRig_QuarterCircle_1mm.ubulk" 169
"../../../Engine/Plugins/Animation/ControlRig/Content/Controls/ControlRig_QuarterCircle_1mm.uasset" 170
"../../../Engine/Plugins/Animation/ControlRig/Content/Controls/ControlRig_QuarterCircle_1mm.uexp" 171
"../../../Engine/Plugins/Animation/ControlRig/Content/Controls/ControlRig_Pyramid_solid.ubulk" 172
"../../../Engine/Plugins/Animation/ControlRig/Content/Controls/ControlRig_Pyramid_solid.uasset" 173
"../../../Engine/Plugins/Animation/ControlRig/Content/Controls/ControlRig_Pyramid_solid.uexp" 174
"../../../Engine/Plugins/Animation/ControlRig/Content/Controls/ControlRig_Pyramid_3mm.ubulk" 175
"../../../Engine/Plugins/Animation/ControlRig/Content/Controls/ControlRig_Pyramid_3mm.uasset" 176
"../../../Engine/Plugins/Animation/ControlRig/Content/Controls/ControlRig_Pyramid_3mm.uexp" 177
"../../../Engine/Plugins/Animation/ControlRig/Content/Controls/ControlRig_Pyramid_1mm.ubulk" 178
"../../../Engine/Plugins/Animation/ControlRig/Content/Controls/ControlRig_Pyramid_1mm.uasset" 179
"../../../Engine/Plugins/Animation/ControlRig/Content/Controls/ControlRig_Pyramid_1mm.uexp" 180
"../../../Engine/Plugins/Animation/ControlRig/Content/Controls/ControlRig_Octagon_solid.ubulk" 181
"../../../Engine/Plugins/Animation/ControlRig/Content/Controls/ControlRig_Octagon_solid.uasset" 182
"../../../Engine/Plugins/Animation/ControlRig/Content/Controls/ControlRig_Octagon_solid.uexp" 183
"../../../Engine/Plugins/Animation/ControlRig/Content/Controls/ControlRig_Octagon_3mm.ubulk" 184
"../../../Engine/Plugins/Animation/ControlRig/Content/Controls/ControlRig_Octagon_3mm.uasset" 185
"../../../Engine/Plugins/Animation/ControlRig/Content/Controls/ControlRig_Octagon_3mm.uexp" 186
"../../../Engine/Plugins/Animation/ControlRig/Content/Controls/ControlRig_Octagon_1mm.ubulk" 187
"../../../Engine/Plugins/Animation/ControlRig/Content/Controls/ControlRig_Octagon_1mm.uasset" 188
"../../../Engine/Plugins/Animation/ControlRig/Content/Controls/ControlRig_Octagon_1mm.uexp" 189
"../../../Engine/Plugins/Animation/ControlRig/Content/Controls/ControlRig_Hexagon_solid.ubulk" 190
"../../../Engine/Plugins/Animation/ControlRig/Content/Controls/ControlRig_Hexagon_solid.uasset" 191
"../../../Engine/Plugins/Animation/ControlRig/Content/Controls/ControlRig_Hexagon_solid.uexp" 192
"../../../Engine/Plugins/Animation/ControlRig/Content/Controls/ControlRig_Hexagon_3mm.ubulk" 193
"../../../Engine/Plugins/Animation/ControlRig/Content/Controls/ControlRig_Hexagon_3mm.uasset" 194
"../../../Engine/Plugins/Animation/ControlRig/Content/Controls/ControlRig_Hexagon_3mm.uexp" 195
"../../../Engine/Plugins/Animation/ControlRig/Content/Controls/ControlRig_Hexagon_1mm.ubulk" 196
"../../../Engine/Plugins/Animation/ControlRig/Content/Controls/ControlRig_Hexagon_1mm.uasset" 197
"../../../Engine/Plugins/Animation/ControlRig/Content/Controls/ControlRig_Hexagon_1mm.uexp" 198
"../../../Engine/Plugins/Animation/ControlRig/Content/Controls/ControlRig_HalfCircle_solid.ubulk" 199
"../../../Engine/Plugins/Animation/ControlRig/Content/Controls/ControlRig_HalfCircle_solid.uasset" 200
"../../../Engine/Plugins/Animation/ControlRig/Content/Controls/ControlRig_HalfCircle_solid.uexp" 201
"../../../Engine/Plugins/Animation/ControlRig/Content/Controls/ControlRig_HalfCircle_3mm.ubulk" 202
"../../../Engine/Plugins/Animation/ControlRig/Content/Controls/ControlRig_HalfCircle_3mm.uasset" 203
"../../../Engine/Plugins/Animation/ControlRig/Content/Controls/ControlRig_HalfCircle_3mm.uexp" 204
"../../../Engine/Plugins/Animation/ControlRig/Content/Controls/ControlRig_HalfCircle_1mm.ubulk" 205
"../../../Engine/Plugins/Animation/ControlRig/Content/Controls/ControlRig_HalfCircle_1mm.uasset" 206
"../../../Engine/Plugins/Animation/ControlRig/Content/Controls/ControlRig_HalfCircle_1mm.uexp" 207
"../../../Engine/Plugins/Animation/ControlRig/Content/Controls/ControlRig_Diamond_solid.ubulk" 208
"../../../Engine/Plugins/Animation/ControlRig/Content/Controls/ControlRig_Diamond_solid.uasset" 209
"../../../Engine/Plugins/Animation/ControlRig/Content/Controls/ControlRig_Diamond_solid.uexp" 210
"../../../Engine/Plugins/Animation/ControlRig/Content/Controls/ControlRig_Diamond_3mm.ubulk" 211
"../../../Engine/Plugins/Animation/ControlRig/Content/Controls/ControlRig_Diamond_3mm.uasset" 212
"../../../Engine/Plugins/Animation/ControlRig/Content/Controls/ControlRig_Diamond_3mm.uexp" 213
"../../../Engine/Plugins/Animation/ControlRig/Content/Controls/ControlRig_Diamond_1mm.ubulk" 214
"../../../Engine/Plugins/Animation/ControlRig/Content/Controls/ControlRig_Diamond_1mm.uasset" 215
"../../../Engine/Plugins/Animation/ControlRig/Content/Controls/ControlRig_Diamond_1mm.uexp" 216
"../../../Engine/Plugins/Animation/ControlRig/Content/Controls/ControlRig_Circle_solid.ubulk" 217
"../../../Engine/Plugins/Animation/ControlRig/Content/Controls/ControlRig_Circle_solid.uasset" 218
"../../../Engine/Plugins/Animation/ControlRig/Content/Controls/ControlRig_Circle_solid.uexp" 219
"../../../Engine/Plugins/Animation/ControlRig/Content/Controls/ControlRig_Circle_3mm.ubulk" 220
"../../../Engine/Plugins/Animation/ControlRig/Content/Controls/ControlRig_Circle_3mm.uasset" 221
"../../../Engine/Plugins/Animation/ControlRig/Content/Controls/ControlRig_Circle_3mm.uexp" 222
"../../../Engine/Plugins/Animation/ControlRig/Content/Controls/ControlRig_Circle_1mm.ubulk" 223
"../../../Engine/Plugins/Animation/ControlRig/Content/Controls/ControlRig_Circle_1mm.uasset" 224
"../../../Engine/Plugins/Animation/ControlRig/Content/Controls/ControlRig_Circle_1mm.uexp" 225
"../../../Engine/Plugins/Animation/ControlRig/Content/Controls/ControlRig_Box_solid.ubulk" 226
"../../../Engine/Plugins/Animation/ControlRig/Content/Controls/ControlRig_Box_solid.uasset" 227
"../../../Engine/Plugins/Animation/ControlRig/Content/Controls/ControlRig_Box_solid.uexp" 228
"../../../Engine/Plugins/Animation/ControlRig/Content/Controls/ControlRig_Box_3mm.ubulk" 229
"../../../Engine/Plugins/Animation/ControlRig/Content/Controls/ControlRig_Box_3mm.uasset" 230
"../../../Engine/Plugins/Animation/ControlRig/Content/Controls/ControlRig_Box_3mm.uexp" 231
"../../../Engine/Plugins/Animation/ControlRig/Content/Controls/ControlRig_Box_1mm.ubulk" 232
"../../../Engine/Plugins/Animation/ControlRig/Content/Controls/ControlRig_Box_1mm.uasset" 233
"../../../Engine/Plugins/Animation/ControlRig/Content/Controls/ControlRig_Box_1mm.uexp" 234
"../../../Engine/Plugins/Animation/ControlRig/Content/Controls/ControlRig_Arrow_solid.ubulk" 235
"../../../Engine/Plugins/Animation/ControlRig/Content/Controls/ControlRig_Arrow_solid.uasset" 236
"../../../Engine/Plugins/Animation/ControlRig/Content/Controls/ControlRig_Arrow_solid.uexp" 237
"../../../Engine/Plugins/Animation/ControlRig/Content/Controls/ControlRig_Arrow_3mm.ubulk" 238
"../../../Engine/Plugins/Animation/ControlRig/Content/Controls/ControlRig_Arrow_3mm.uasset" 239
"../../../Engine/Plugins/Animation/ControlRig/Content/Controls/ControlRig_Arrow_3mm.uexp" 240
"../../../Engine/Plugins/Animation/ControlRig/Content/Controls/ControlRig_Arrow_1mm.ubulk" 241
"../../../Engine/Plugins/Animation/ControlRig/Content/Controls/ControlRig_Arrow_1mm.uasset" 242
"../../../Engine/Plugins/Animation/ControlRig/Content/Controls/ControlRig_Arrow_1mm.uexp" 243
"../../../Engine/Plugins/Animation/ControlRig/Content/Controls/ControlRig_Arrow4_solid.ubulk" 244
"../../../Engine/Plugins/Animation/ControlRig/Content/Controls/ControlRig_Arrow4_solid.uasset" 245
"../../../Engine/Plugins/Animation/ControlRig/Content/Controls/ControlRig_Arrow4_solid.uexp" 246
"../../../Engine/Plugins/Animation/ControlRig/Content/Controls/ControlRig_Arrow4_3mm.ubulk" 247
"../../../Engine/Plugins/Animation/ControlRig/Content/Controls/ControlRig_Arrow4_3mm.uasset" 248
"../../../Engine/Plugins/Animation/ControlRig/Content/Controls/ControlRig_Arrow4_3mm.uexp" 249
"../../../Engine/Plugins/Animation/ControlRig/Content/Controls/ControlRig_Arrow4_1mm.ubulk" 250
"../../../Engine/Plugins/Animation/ControlRig/Content/Controls/ControlRig_Arrow4_1mm.uasset" 251
"../../../Engine/Plugins/Animation/ControlRig/Content/Controls/ControlRig_Arrow4_1mm.uexp" 252
"../../../Engine/Plugins/Animation/ControlRig/Content/Controls/ControlRig_Arrow2_solid.ubulk" 253
"../../../Engine/Plugins/Animation/ControlRig/Content/Controls/ControlRig_Arrow2_solid.uasset" 254
"../../../Engine/Plugins/Animation/ControlRig/Content/Controls/ControlRig_Arrow2_solid.uexp" 255
"../../../Engine/Plugins/Animation/ControlRig/Content/Controls/ControlRig_Arrow2_3mm.ubulk" 256
"../../../Engine/Plugins/Animation/ControlRig/Content/Controls/ControlRig_Arrow2_3mm.uasset" 257
"../../../Engine/Plugins/Animation/ControlRig/Content/Controls/ControlRig_Arrow2_3mm.uexp" 258
"../../../Engine/Plugins/Animation/ControlRig/Content/Controls/ControlRig_Arrow2_1mm.ubulk" 259
"../../../Engine/Plugins/Animation/ControlRig/Content/Controls/ControlRig_Arrow2_1mm.uasset" 260
"../../../Engine/Plugins/Animation/ControlRig/Content/Controls/ControlRig_Arrow2_1mm.uexp" 261
"../../../Engine/Plugins/Animation/ControlRig/Content/Controls/ControlRigXRayMaterial.uasset" 262
"../../../Engine/Plugins/Animation/ControlRig/Content/Controls/ControlRigXRayMaterial.uexp" 263
"../../../Engine/Plugins/Animation/ControlRig/Content/Controls/ControlRigGizmoMaterial.uasset" 264
"../../../Engine/Plugins/Animation/ControlRig/Content/Controls/ControlRigGizmoMaterial.uexp" 265
"../../../Engine/Plugins/Animation/ACLPlugin/Content/ACLAnimCurveCompressionSettings.uasset" 266
"../../../Engine/Plugins/Animation/ACLPlugin/Content/ACLAnimCurveCompressionSettings.uexp" 267
"../../../Engine/Plugins/Animation/ACLPlugin/Content/ACLAnimBoneCompressionSettings.uasset" 268
"../../../Engine/Plugins/Animation/ACLPlugin/Content/ACLAnimBoneCompressionSettings.uexp" 269
"../../../Engine/Plugins/2D/Paper2D/Content/PlaceholderTextures/DummySpriteTexture.ubulk" 270
"../../../Engine/Plugins/2D/Paper2D/Content/PlaceholderTextures/DummySpriteTexture.uasset" 271
"../../../Engine/Plugins/2D/Paper2D/Content/PlaceholderTextures/DummySpriteTexture.uexp" 272
"../../../Engine/Plugins/2D/Paper2D/Content/DefaultSpriteMaterial.uasset" 273
"../../../Engine/Plugins/2D/Paper2D/Content/DefaultSpriteMaterial.uexp" 274
"../../../Engine/Plugins/2D/Paper2D/Content/OpaqueUnlitSpriteMaterial.uasset" 275
"../../../Engine/Plugins/2D/Paper2D/Content/OpaqueUnlitSpriteMaterial.uexp" 276
"../../../Engine/Plugins/2D/Paper2D/Content/MaskedUnlitSpriteMaterial.uasset" 277
"../../../Engine/Plugins/2D/Paper2D/Content/MaskedUnlitSpriteMaterial.uexp" 278
"../../../Engine/Plugins/2D/Paper2D/Content/DummySprite.uasset" 279
"../../../Engine/Plugins/2D/Paper2D/Content/DummySprite.uexp" 280
"../../../Engine/Plugins/2D/Paper2D/Content/DefaultPaperTerrainMaterial.uasset" 281
"../../../Engine/Plugins/2D/Paper2D/Content/DefaultPaperTerrainMaterial.uexp" 282
"../../../Engine/Content/Functions/Engine_MaterialFunctions02/Math/Transform3x3Matrix.uasset" 283
"../../../Engine/Content/Functions/Engine_MaterialFunctions02/Math/Transform3x3Matrix.uexp" 284
"../../../Engine/Content/Functions/Engine_MaterialFunctions02/SplitComponents.uasset" 285
"../../../Engine/Content/Functions/Engine_MaterialFunctions02/SplitComponents.uexp" 286
"../../../Engine/Content/Functions/Engine_MaterialFunctions02/Utility/MakeFloat3.uasset" 287
"../../../Engine/Content/Functions/Engine_MaterialFunctions02/Utility/MakeFloat3.uexp" 288
"../../../Engine/Content/EngineSounds/Master.uasset" 289
"../../../Engine/Content/EngineSounds/Master.uexp" 290
"../../../Engine/Content/EngineResources/WhiteSquareTexture.uasset" 291
"../../../Engine/Content/EngineResources/WhiteSquareTexture.uexp" 292
"../../../Engine/Content/EngineMaterials/Widget3DPassThrough.uasset" 293
"../../../Engine/Content/EngineMaterials/Widget3DPassThrough.uexp" 294
"../../../Engine/Content/EngineMaterials/Widget3DPassThrough_Translucent.uasset" 295
"../../../Engine/Content/EngineMaterials/Widget3DPassThrough_Translucent.uexp" 296
"../../../Engine/Content/EngineMaterials/Widget3DPassThrough_Translucent_OneSided.uasset" 297
"../../../Engine/Content/EngineMaterials/Widget3DPassThrough_Translucent_OneSided.uexp" 298
"../../../Engine/Content/EngineMaterials/Widget3DPassThrough_Opaque.uasset" 299
"../../../Engine/Content/EngineMaterials/Widget3DPassThrough_Opaque.uexp" 300
"../../../Engine/Content/EngineMaterials/Widget3DPassThrough_Opaque_OneSided.uasset" 301
"../../../Engine/Content/EngineMaterials/Widget3DPassThrough_Opaque_OneSided.uexp" 302
"../../../Engine/Content/EngineMaterials/Widget3DPassThrough_Masked_OneSided.uasset" 303
"../../../Engine/Content/EngineMaterials/Widget3DPassThrough_Masked_OneSided.uexp" 304
"../../../Engine/Content/EngineMaterials/Widget3DPassThrough_Masked.uasset" 305
"../../../Engine/Content/EngineMaterials/Widget3DPassThrough_Masked.uexp" 306
"../../../Engine/Content/EngineMaterials/STBlueNoise_vec2_128x128x64.uasset" 307
"../../../Engine/Content/EngineMaterials/STBlueNoise_vec2_128x128x64.uexp" 308
"../../../Engine/Content/EngineMaterials/STBlueNoise_scalar_128x128x64.uasset" 309
"../../../Engine/Content/EngineMaterials/STBlueNoise_scalar_128x128x64.uexp" 310
"../../../Engine/Content/EngineMaterials/RemoveSurfaceMaterial.uasset" 311
"../../../Engine/Content/EngineMaterials/RemoveSurfaceMaterial.uexp" 312
"../../../Engine/Content/EngineMaterials/DefaultCalibrationGrayscale.uasset" 313
"../../../Engine/Content/EngineMaterials/DefaultCalibrationGrayscale.uexp" 314
"../../../Engine/Content/EngineMaterials/PPM_DefaultCalibrationGrayscale.uasset" 315
"../../../Engine/Content/EngineMaterials/PPM_DefaultCalibrationGrayscale.uexp" 316
"../../../Engine/Content/EngineMaterials/DefaultCalibrationColor.uasset" 317
"../../../Engine/Content/EngineMaterials/DefaultCalibrationColor.uexp" 318
"../../../Engine/Content/EngineMaterials/PPM_DefaultCalibrationColor.uasset" 319
"../../../Engine/Content/EngineMaterials/PPM_DefaultCalibrationColor.uexp" 320
"../../../Engine/Content/EngineMaterials/PhAT_JointLimitMaterial.uasset" 321
"../../../Engine/Content/EngineMaterials/PhAT_JointLimitMaterial.uexp" 322
"../../../Engine/Content/EngineMaterials/NaniteHiddenSectionMaterial.uasset" 323
"../../../Engine/Content/EngineMaterials/NaniteHiddenSectionMaterial.uexp" 324
"../../../Engine/Content/EngineMaterials/InvalidLightmapSettings.ubulk" 325
"../../../Engine/Content/EngineMaterials/InvalidLightmapSettings.uasset" 326
"../../../Engine/Content/EngineMaterials/InvalidLightmapSettings.uexp" 327
"../../../Engine/Content/EngineMaterials/M_InvalidLightmapSettings.uasset" 328
"../../../Engine/Content/EngineMaterials/M_InvalidLightmapSettings.uexp" 329
"../../../Engine/Content/EngineMaterials/GizmoMaterial.uasset" 330
"../../../Engine/Content/EngineMaterials/GizmoMaterial.uexp" 331
"../../../Engine/Content/EngineMaterials/BaseFlattenEmissiveMap_VT.uasset" 332
"../../../Engine/Content/EngineMaterials/BaseFlattenEmissiveMap_VT.uexp" 333
"../../../Engine/Content/EngineMaterials/BaseFlattenGrayscaleMap_VT.uasset" 334
"../../../Engine/Content/EngineMaterials/BaseFlattenGrayscaleMap_VT.uexp" 335
"../../../Engine/Content/EngineMaterials/BaseFlattenLinearColor_VT.uasset" 336
"../../../Engine/Content/EngineMaterials/BaseFlattenLinearColor_VT.uexp" 337
"../../../Engine/Content/EngineMaterials/Black_1x1_EXR_Texture_VT.uasset" 338
"../../../Engine/Content/EngineMaterials/Black_1x1_EXR_Texture_VT.uexp" 339
"../../../Engine/Content/EngineMaterials/BaseFlattenDiffuseMap_VT.uasset" 340
"../../../Engine/Content/EngineMaterials/BaseFlattenDiffuseMap_VT.uexp" 341
"../../../Engine/Content/EngineMaterials/BaseFlattenNormalMap_VT.uasset" 342
"../../../Engine/Content/EngineMaterials/BaseFlattenNormalMap_VT.uexp" 343
"../../../Engine/Content/EngineMaterials/FlattenMaterial_WS_Normal_VT.uasset" 344
"../../../Engine/Content/EngineMaterials/FlattenMaterial_WS_Normal_VT.uexp" 345
"../../../Engine/Content/EngineMaterials/FlattenMaterial_VT.uasset" 346
"../../../Engine/Content/EngineMaterials/FlattenMaterial_VT.uexp" 347
"../../../Engine/Content/EngineMaterials/BaseFlattenNormalMap.uasset" 348
"../../../Engine/Content/EngineMaterials/BaseFlattenNormalMap.uexp" 349
"../../../Engine/Content/EngineMaterials/BaseFlattenGrayscaleMap.uasset" 350
"../../../Engine/Content/EngineMaterials/BaseFlattenGrayscaleMap.uexp" 351
"../../../Engine/Content/EngineMaterials/BaseFlattenDiffuseMap.uasset" 352
"../../../Engine/Content/EngineMaterials/BaseFlattenDiffuseMap.uexp" 353
"../../../Engine/Content/Functions/Engine_MaterialFunctions02/PivotPainter2/Black_1x1_EXR_Texture.uasset" 354
"../../../Engine/Content/Functions/Engine_MaterialFunctions02/PivotPainter2/Black_1x1_EXR_Texture.uexp" 355
"../../../Engine/Content/EngineMaterials/BaseFlattenEmissiveMap.uasset" 356
"../../../Engine/Content/EngineMaterials/BaseFlattenEmissiveMap.uexp" 357
"../../../Engine/Content/EngineMaterials/BaseFlattenLinearColor.uasset" 358
"../../../Engine/Content/EngineMaterials/BaseFlattenLinearColor.uexp" 359
"../../../Engine/Content/EngineMaterials/FlattenMaterial.uasset" 360
"../../../Engine/Content/EngineMaterials/FlattenMaterial.uexp" 361
"../../../Engine/Content/EngineMaterials/DefaultWhiteGrid_Low.uasset" 362
"../../../Engine/Content/EngineMaterials/DefaultWhiteGrid_Low.uexp" 363
"../../../Engine/Content/EngineMaterials/EmissiveMeshMaterial.uasset" 364
"../../../Engine/Content/EngineMaterials/EmissiveMeshMaterial.uexp" 365
"../../../Engine/Content/EngineFonts/RobotoDistanceField.uasset" 366
"../../../Engine/Content/EngineFonts/RobotoDistanceField.uexp" 367
"../../../Engine/Content/EngineMaterials/DefaultTextMaterialOpaque.uasset" 368
"../../../Engine/Content/EngineMaterials/DefaultTextMaterialOpaque.uexp" 369
"../../../Engine/Content/EngineMaterials/DefaultDiffuse.ubulk" 370
"../../../Engine/Content/EngineMaterials/DefaultDiffuse.uasset" 371
"../../../Engine/Content/EngineMaterials/DefaultDiffuse.uexp" 372
"../../../Engine/Content/Functions/Engine_MaterialFunctions02/Utility/BreakOutFloat2Components.uasset" 373
"../../../Engine/Content/Functions/Engine_MaterialFunctions02/Utility/BreakOutFloat2Components.uexp" 374
"../../../Engine/Content/EngineMaterials/DefaultPostProcessMaterial.uasset" 375
"../../../Engine/Content/EngineMaterials/DefaultPostProcessMaterial.uexp" 376
"../../../Engine/Content/EngineMaterials/DefaultPhysicalMaterial.uasset" 377
"../../../Engine/Content/EngineMaterials/DefaultPhysicalMaterial.uexp" 378
"../../../Engine/Content/EngineMaterials/DefaultLightFunctionMaterial.uasset" 379
"../../../Engine/Content/EngineMaterials/DefaultLightFunctionMaterial.uexp" 380
"../../../Engine/Content/EngineMaterials/DefaultDestructiblePhysicalMaterial.uasset" 381
"../../../Engine/Content/EngineMaterials/DefaultDestructiblePhysicalMaterial.uexp" 382
"../../../Engine/Content/EngineMaterials/DefaultDeferredDecalMaterial.uasset" 383
"../../../Engine/Content/EngineMaterials/DefaultDeferredDecalMaterial.uexp" 384
"../../../Engine/Content/EngineMaterials/DefaultBloomKernel.uasset" 385
"../../../Engine/Content/EngineMaterials/DefaultBloomKernel.uexp" 386
"../../../Engine/Content/EngineDebugMaterials/VolumeToRender.uasset" 387
"../../../Engine/Content/EngineDebugMaterials/VolumeToRender.uexp" 388
"../../../Engine/Content/EngineDebugMaterials/M_VolumeRenderSphereTracePP.uasset" 389
"../../../Engine/Content/EngineDebugMaterials/M_VolumeRenderSphereTracePP.uexp" 390
"../../../Engine/Content/EngineDebugMaterials/M_SimpleUnlitTranslucent.uasset" 391
"../../../Engine/Content/EngineDebugMaterials/M_SimpleUnlitTranslucent.uexp" 392
"../../../Engine/Content/EngineDebugMaterials/DebugMeshMaterial.uasset" 393
"../../../Engine/Content/EngineDebugMaterials/DebugMeshMaterial.uexp" 394
"../../../Engine/Content/EngineDebugMaterials/DebugEditorMaterial.uasset" 395
"../../../Engine/Content/EngineDebugMaterials/DebugEditorMaterial.uexp" 396
"../../../Engine/Content/EngineDamageTypes/DmgTypeBP_Environmental.uasset" 397
"../../../Engine/Content/EngineDamageTypes/DmgTypeBP_Environmental.uexp" 398
"../../../Engine/Content/EngineMaterials/DefaultMaterial.uasset" 399
"../../../Engine/Content/EngineMaterials/DefaultMaterial.uexp" 400
"../../../Engine/Content/BasicShapes/Sphere.ubulk" 401
"../../../Engine/Content/BasicShapes/Sphere.uasset" 402
"../../../Engine/Content/BasicShapes/Sphere.uexp" 403
"../../../Engine/Content/BasicShapes/Plane.ubulk" 404
"../../../Engine/Content/BasicShapes/Plane.uasset" 405
"../../../Engine/Content/BasicShapes/Plane.uexp" 406
"../../../Engine/Content/BasicShapes/Cylinder.ubulk" 407
"../../../Engine/Content/BasicShapes/Cylinder.uasset" 408
"../../../Engine/Content/BasicShapes/Cylinder.uexp" 409
"../../../Engine/Content/BasicShapes/Cube.ubulk" 410
"../../../Engine/Content/BasicShapes/Cube.uasset" 411
"../../../Engine/Content/BasicShapes/Cube.uexp" 412
"../../../Engine/Content/BasicShapes/Cone.ubulk" 413
"../../../Engine/Content/BasicShapes/Cone.uasset" 414
"../../../Engine/Content/BasicShapes/Cone.uexp" 415
"../../../Engine/Content/BasicShapes/BasicShapeMaterial.uasset" 416
"../../../Engine/Content/BasicShapes/BasicShapeMaterial.uexp" 417
"../../../Engine/Content/Animation/DefaultVariableFrameStrippingSettings.uasset" 418
"../../../Engine/Content/Animation/DefaultVariableFrameStrippingSettings.uexp" 419
"../../../Engine/Content/Animation/DefaultRecorderBoneCompression.uasset" 420
"../../../Engine/Content/Animation/DefaultRecorderBoneCompression.uexp" 421
"C:/Users/User/Documents/Unreal Projects/Squaradox/Content/PuzzleImages/Nature/Nature13.uasset" 422
"C:/Users/User/Documents/Unreal Projects/Squaradox/Content/PuzzleImages/Nature/Nature13.uexp" 423
"C:/Users/User/Documents/Unreal Projects/Squaradox/Content/PuzzleImages/Fantasy/Fantasy3.uasset" 424
"C:/Users/User/Documents/Unreal Projects/Squaradox/Content/PuzzleImages/Fantasy/Fantasy3.uexp" 425
"C:/Users/User/Documents/Unreal Projects/Squaradox/Content/Sounds/Classes/Music_SC.uasset" 426
"C:/Users/User/Documents/Unreal Projects/Squaradox/Content/Sounds/Classes/Music_SC.uexp" 427
"C:/Users/User/Documents/Unreal Projects/Squaradox/Content/Sounds/Classes/Parent_SC.uasset" 428
"C:/Users/User/Documents/Unreal Projects/Squaradox/Content/Sounds/Classes/Parent_SC.uexp" 429
"C:/Users/User/Documents/Unreal Projects/Squaradox/Content/Sounds/Classes/SFX_SC.uasset" 430
"C:/Users/User/Documents/Unreal Projects/Squaradox/Content/Sounds/Classes/SFX_SC.uexp" 431
"C:/Users/User/Documents/Unreal Projects/Squaradox/Content/Sounds/Mixes/UnmuteSFX.uasset" 432
"C:/Users/User/Documents/Unreal Projects/Squaradox/Content/Sounds/Mixes/UnmuteSFX.uexp" 433
"C:/Users/User/Documents/Unreal Projects/Squaradox/Content/PuzzleImages/Landmarks/Landmark9.uasset" 434
"C:/Users/User/Documents/Unreal Projects/Squaradox/Content/PuzzleImages/Landmarks/Landmark9.uexp" 435
"C:/Users/User/Documents/Unreal Projects/Squaradox/Content/PuzzleImages/Paintings/Paintings8.uasset" 436
"C:/Users/User/Documents/Unreal Projects/Squaradox/Content/PuzzleImages/Paintings/Paintings8.uexp" 437
"C:/Users/User/Documents/Unreal Projects/Squaradox/Content/PuzzleImages/Landmarks/Landmark6.uasset" 438
"C:/Users/User/Documents/Unreal Projects/Squaradox/Content/PuzzleImages/Landmarks/Landmark6.uexp" 439
"C:/Users/User/Documents/Unreal Projects/Squaradox/Content/PuzzleImages/Animals/Small_Cat.uasset" 440
"C:/Users/User/Documents/Unreal Projects/Squaradox/Content/PuzzleImages/Animals/Small_Cat.uexp" 441
"C:/Users/User/Documents/Unreal Projects/Squaradox/Content/PuzzleImages/Animals/Parrot.uasset" 442
"C:/Users/User/Documents/Unreal Projects/Squaradox/Content/PuzzleImages/Animals/Parrot.uexp" 443
"C:/Users/User/Documents/Unreal Projects/Squaradox/Content/PuzzleImages/Kids/Kids5.uasset" 444
"C:/Users/User/Documents/Unreal Projects/Squaradox/Content/PuzzleImages/Kids/Kids5.uexp" 445
"C:/Users/User/Documents/Unreal Projects/Squaradox/Content/PuzzleImages/VideoGames/VideoGames2.uasset" 446
"C:/Users/User/Documents/Unreal Projects/Squaradox/Content/PuzzleImages/VideoGames/VideoGames2.uexp" 447
"C:/Users/User/Documents/Unreal Projects/Squaradox/Content/PuzzleImages/Landmarks/Landmark8.uasset" 448
"C:/Users/User/Documents/Unreal Projects/Squaradox/Content/PuzzleImages/Landmarks/Landmark8.uexp" 449
"C:/Users/User/Documents/Unreal Projects/Squaradox/Content/PuzzleImages/Paintings/Paintings6.uasset" 450
"C:/Users/User/Documents/Unreal Projects/Squaradox/Content/PuzzleImages/Paintings/Paintings6.uexp" 451
"C:/Users/User/Documents/Unreal Projects/Squaradox/Content/PuzzleImages/VideoGames/VideoGames15.uasset" 452
"C:/Users/User/Documents/Unreal Projects/Squaradox/Content/PuzzleImages/VideoGames/VideoGames15.uexp" 453
"C:/Users/User/Documents/Unreal Projects/Squaradox/Content/PuzzleImages/Fantasy/Fantasy9.ubulk" 454
"C:/Users/User/Documents/Unreal Projects/Squaradox/Content/PuzzleImages/Fantasy/Fantasy9.uasset" 455
"C:/Users/User/Documents/Unreal Projects/Squaradox/Content/PuzzleImages/Fantasy/Fantasy9.uexp" 456
"C:/Users/User/Documents/Unreal Projects/Squaradox/Content/PuzzleImages/Animals/LoryShadow.uasset" 457
"C:/Users/User/Documents/Unreal Projects/Squaradox/Content/PuzzleImages/Animals/LoryShadow.uexp" 458
"C:/Users/User/Documents/Unreal Projects/Squaradox/Content/PuzzleImages/Fantasy/Fantasy8.uasset" 459
"C:/Users/User/Documents/Unreal Projects/Squaradox/Content/PuzzleImages/Fantasy/Fantasy8.uexp" 460
"C:/Users/User/Documents/Unreal Projects/Squaradox/Content/PuzzleImages/Landmarks/Landmark2.uasset" 461
"C:/Users/User/Documents/Unreal Projects/Squaradox/Content/PuzzleImages/Landmarks/Landmark2.uexp" 462
"C:/Users/User/Documents/Unreal Projects/Squaradox/Content/PuzzleImages/Kids/Kids3.uasset" 463
"C:/Users/User/Documents/Unreal Projects/Squaradox/Content/PuzzleImages/Kids/Kids3.uexp" 464
"C:/Users/User/Documents/Unreal Projects/Squaradox/Content/PuzzleImages/Nature/Nature6.uasset" 465
"C:/Users/User/Documents/Unreal Projects/Squaradox/Content/PuzzleImages/Nature/Nature6.uexp" 466
"C:/Users/User/Documents/Unreal Projects/Squaradox/Content/PuzzleImages/Kids/Kids11.uasset" 467
"C:/Users/User/Documents/Unreal Projects/Squaradox/Content/PuzzleImages/Kids/Kids11.uexp" 468
"C:/Users/User/Documents/Unreal Projects/Squaradox/Content/PuzzleImages/Kids/Kids8.uasset" 469
"C:/Users/User/Documents/Unreal Projects/Squaradox/Content/PuzzleImages/Kids/Kids8.uexp" 470
"C:/Users/User/Documents/Unreal Projects/Squaradox/Content/PuzzleImages/VideoGames/VideoGames5.ubulk" 471
"C:/Users/User/Documents/Unreal Projects/Squaradox/Content/PuzzleImages/VideoGames/VideoGames5.uasset" 472
"C:/Users/User/Documents/Unreal Projects/Squaradox/Content/PuzzleImages/VideoGames/VideoGames5.uexp" 473
"C:/Users/User/Documents/Unreal Projects/Squaradox/Content/PuzzleImages/Animals/2_Horses.uasset" 474
"C:/Users/User/Documents/Unreal Projects/Squaradox/Content/PuzzleImages/Animals/2_Horses.uexp" 475
"C:/Users/User/Documents/Unreal Projects/Squaradox/Content/PuzzleImages/VideoGames/VideoGames4.uasset" 476
"C:/Users/User/Documents/Unreal Projects/Squaradox/Content/PuzzleImages/VideoGames/VideoGames4.uexp" 477
"C:/Users/User/Documents/Unreal Projects/Squaradox/Content/PuzzleImages/Paintings/Paintings15.uasset" 478
"C:/Users/User/Documents/Unreal Projects/Squaradox/Content/PuzzleImages/Paintings/Paintings15.uexp" 479
"C:/Users/User/Documents/Unreal Projects/Squaradox/Content/PuzzleImages/Landmarks/Landmark12.uasset" 480
"C:/Users/User/Documents/Unreal Projects/Squaradox/Content/PuzzleImages/Landmarks/Landmark12.uexp" 481
"C:/Users/User/Documents/Unreal Projects/Squaradox/Content/Sounds/Waves/Komiku_-_12_-_Bicycle.ubulk" 482
"C:/Users/User/Documents/Unreal Projects/Squaradox/Content/Sounds/Waves/Komiku_-_12_-_Bicycle.uasset" 483
"C:/Users/User/Documents/Unreal Projects/Squaradox/Content/Sounds/Waves/Komiku_-_12_-_Bicycle.uexp" 484
"C:/Users/User/Documents/Unreal Projects/Squaradox/Content/Sounds/Cues/Komiku_-_12_-_Bicycle_Cue.uasset" 485
"C:/Users/User/Documents/Unreal Projects/Squaradox/Content/Sounds/Cues/Komiku_-_12_-_Bicycle_Cue.uexp" 486
"C:/Users/User/Documents/Unreal Projects/Squaradox/Content/Blueprints/Structs/PuzzlesInProgressStruct.uasset" 487
"C:/Users/User/Documents/Unreal Projects/Squaradox/Content/Blueprints/Structs/PuzzlesInProgressStruct.uexp" 488
"C:/Users/User/Documents/Unreal Projects/Squaradox/Content/PuzzleImages/Kids/Kids15.uasset" 489
"C:/Users/User/Documents/Unreal Projects/Squaradox/Content/PuzzleImages/Kids/Kids15.uexp" 490
"C:/Users/User/Documents/Unreal Projects/Squaradox/Content/PuzzleImages/Kids/Kids14.uasset" 491
"C:/Users/User/Documents/Unreal Projects/Squaradox/Content/PuzzleImages/Kids/Kids14.uexp" 492
"C:/Users/User/Documents/Unreal Projects/Squaradox/Content/PuzzleImages/Landmarks/Landmark7.uasset" 493
"C:/Users/User/Documents/Unreal Projects/Squaradox/Content/PuzzleImages/Landmarks/Landmark7.uexp" 494
"C:/Users/User/Documents/Unreal Projects/Squaradox/Content/PuzzleImages/Landmarks/Landmark11.uasset" 495
"C:/Users/User/Documents/Unreal Projects/Squaradox/Content/PuzzleImages/Landmarks/Landmark11.uexp" 496
"C:/Users/User/Documents/Unreal Projects/Squaradox/Content/PuzzleImages/VideoGames/VideoGames9.uasset" 497
"C:/Users/User/Documents/Unreal Projects/Squaradox/Content/PuzzleImages/VideoGames/VideoGames9.uexp" 498
"C:/Users/User/Documents/Unreal Projects/Squaradox/Content/Blueprints/Structs/PuzzlesCompletedStruct.uasset" 499
"C:/Users/User/Documents/Unreal Projects/Squaradox/Content/Blueprints/Structs/PuzzlesCompletedStruct.uexp" 500
"C:/Users/User/Documents/Unreal Projects/Squaradox/Content/Blueprints/Structs/UserPreferences.uasset" 501
"C:/Users/User/Documents/Unreal Projects/Squaradox/Content/Blueprints/Structs/UserPreferences.uexp" 502
"C:/Users/User/Documents/Unreal Projects/Squaradox/Content/Blueprints/Enums/Categories.uasset" 503
"C:/Users/User/Documents/Unreal Projects/Squaradox/Content/Blueprints/Enums/Categories.uexp" 504
"C:/Users/User/Documents/Unreal Projects/Squaradox/Content/Blueprints/Structs/CategoryDataStruct.uasset" 505
"C:/Users/User/Documents/Unreal Projects/Squaradox/Content/Blueprints/Structs/CategoryDataStruct.uexp" 506
"C:/Users/User/Documents/Unreal Projects/Squaradox/Content/Blueprints/Structs/StorePuzzles.uasset" 507
"C:/Users/User/Documents/Unreal Projects/Squaradox/Content/Blueprints/Structs/StorePuzzles.uexp" 508
"C:/Users/User/Documents/Unreal Projects/Squaradox/Content/Blueprints/Interfaces/GameInstanceInterface.uasset" 509
"C:/Users/User/Documents/Unreal Projects/Squaradox/Content/Blueprints/Interfaces/GameInstanceInterface.uexp" 510
"C:/Users/User/Documents/Unreal Projects/Squaradox/Content/PuzzleImages/Kids/Kids9.uasset" 511
"C:/Users/User/Documents/Unreal Projects/Squaradox/Content/PuzzleImages/Kids/Kids9.uexp" 512
"C:/Users/User/Documents/Unreal Projects/Squaradox/Content/PuzzleImages/VideoGames/VideoGames6.uasset" 513
"C:/Users/User/Documents/Unreal Projects/Squaradox/Content/PuzzleImages/VideoGames/VideoGames6.uexp" 514
"C:/Users/User/Documents/Unreal Projects/Squaradox/Content/PuzzleImages/Nature/Nature5.uasset" 515
"C:/Users/User/Documents/Unreal Projects/Squaradox/Content/PuzzleImages/Nature/Nature5.uexp" 516
"C:/Users/User/Documents/Unreal Projects/Squaradox/Content/PuzzleImages/Landmarks/Landmark4.uasset" 517
"C:/Users/User/Documents/Unreal Projects/Squaradox/Content/PuzzleImages/Landmarks/Landmark4.uexp" 518
"C:/Users/User/Documents/Unreal Projects/Squaradox/Content/PuzzleImages/Nature/Nature15.uasset" 519
"C:/Users/User/Documents/Unreal Projects/Squaradox/Content/PuzzleImages/Nature/Nature15.uexp" 520
"C:/Users/User/Documents/Unreal Projects/Squaradox/Content/PuzzleImages/VideoGames/VideoGames8.uasset" 521
"C:/Users/User/Documents/Unreal Projects/Squaradox/Content/PuzzleImages/VideoGames/VideoGames8.uexp" 522
"C:/Users/User/Documents/Unreal Projects/Squaradox/Content/PuzzleImages/Landmarks/Landmark15.uasset" 523
"C:/Users/User/Documents/Unreal Projects/Squaradox/Content/PuzzleImages/Landmarks/Landmark15.uexp" 524
"C:/Users/User/Documents/Unreal Projects/Squaradox/Content/PuzzleImages/Landmarks/Landmark5.uasset" 525
"C:/Users/User/Documents/Unreal Projects/Squaradox/Content/PuzzleImages/Landmarks/Landmark5.uexp" 526
"C:/Users/User/Documents/Unreal Projects/Squaradox/Content/PuzzleImages/VideoGames/VideoGames11.uasset" 527
"C:/Users/User/Documents/Unreal Projects/Squaradox/Content/PuzzleImages/VideoGames/VideoGames11.uexp" 528
"C:/Users/User/Documents/Unreal Projects/Squaradox/Content/PuzzleImages/Fantasy/Fantasy7.ubulk" 529
"C:/Users/User/Documents/Unreal Projects/Squaradox/Content/PuzzleImages/Fantasy/Fantasy7.uasset" 530
"C:/Users/User/Documents/Unreal Projects/Squaradox/Content/PuzzleImages/Fantasy/Fantasy7.uexp" 531
"C:/Users/User/Documents/Unreal Projects/Squaradox/Content/Blueprints/UI/GamePlay/Puzzle_Slot_WB.uasset" 532
"C:/Users/User/Documents/Unreal Projects/Squaradox/Content/Blueprints/UI/GamePlay/Puzzle_Slot_WB.uexp" 533
"C:/Users/User/Documents/Unreal Projects/Squaradox/Content/PuzzleImages/puzzle_test.ubulk" 534
"C:/Users/User/Documents/Unreal Projects/Squaradox/Content/PuzzleImages/puzzle_test.uasset" 535
"C:/Users/User/Documents/Unreal Projects/Squaradox/Content/PuzzleImages/puzzle_test.uexp" 536
"C:/Users/User/Documents/Unreal Projects/Squaradox/Content/Materials/Puzzle_M.uasset" 537
"C:/Users/User/Documents/Unreal Projects/Squaradox/Content/Materials/Puzzle_M.uexp" 538
"C:/Users/User/Documents/Unreal Projects/Squaradox/Content/Materials/Puzzle_M_Inst.uasset" 539
"C:/Users/User/Documents/Unreal Projects/Squaradox/Content/Materials/Puzzle_M_Inst.uexp" 540
"C:/Users/User/Documents/Unreal Projects/Squaradox/Content/Blueprints/UI/GamePlay/PuzzlePieceDragUI_WB.uasset" 541
"C:/Users/User/Documents/Unreal Projects/Squaradox/Content/Blueprints/UI/GamePlay/PuzzlePieceDragUI_WB.uexp" 542
"C:/Users/User/Documents/Unreal Projects/Squaradox/Content/Blueprints/Interfaces/GamePlayGMInterface.uasset" 543
"C:/Users/User/Documents/Unreal Projects/Squaradox/Content/Blueprints/Interfaces/GamePlayGMInterface.uexp" 544
"C:/Users/User/Documents/Unreal Projects/Squaradox/Content/Blueprints/Interfaces/DragAndDropInterface.uasset" 545
"C:/Users/User/Documents/Unreal Projects/Squaradox/Content/Blueprints/Interfaces/DragAndDropInterface.uexp" 546
"C:/Users/User/Documents/Unreal Projects/Squaradox/Content/Blueprints/GameLogic/PuzzleDragDrop_BP.uasset" 547
"C:/Users/User/Documents/Unreal Projects/Squaradox/Content/Blueprints/GameLogic/PuzzleDragDrop_BP.uexp" 548
"C:/Users/User/Documents/Unreal Projects/Squaradox/Content/Blueprints/UI/GamePlay/Puzzle_Piece_WB.uasset" 549
"C:/Users/User/Documents/Unreal Projects/Squaradox/Content/Blueprints/UI/GamePlay/Puzzle_Piece_WB.uexp" 550
"C:/Users/User/Documents/Unreal Projects/Squaradox/Content/MobileUIKit/Icons/T_Icon_player_pause.uasset" 551
"C:/Users/User/Documents/Unreal Projects/Squaradox/Content/MobileUIKit/Icons/T_Icon_player_pause.uexp" 552
"C:/Users/User/Documents/Unreal Projects/Squaradox/Content/Blueprints/Structs/Pieces-Row-ColumnStruct.uasset" 553
"C:/Users/User/Documents/Unreal Projects/Squaradox/Content/Blueprints/Structs/Pieces-Row-ColumnStruct.uexp" 554
"C:/Users/User/Documents/Unreal Projects/Squaradox/Content/Blueprints/UI/Background.uasset" 555
"C:/Users/User/Documents/Unreal Projects/Squaradox/Content/Blueprints/UI/Background.uexp" 556
"C:/Users/User/Documents/Unreal Projects/Squaradox/Content/Fonts/Star_Cartoon.uexp" 557
"C:/Users/User/Documents/Unreal Projects/Squaradox/Content/Fonts/Star_Cartoon.uasset" 558
"C:/Users/User/Documents/Unreal Projects/Squaradox/Content/Fonts/Star_Cartoon.ufont" 559
"C:/Users/User/Documents/Unreal Projects/Squaradox/Content/Fonts/Star_Cartoon_Font.uasset" 560
"C:/Users/User/Documents/Unreal Projects/Squaradox/Content/Fonts/Star_Cartoon_Font.uexp" 561
"C:/Users/User/Documents/Unreal Projects/Squaradox/Content/PuzzleImages/Kids/Kids4.uasset" 562
"C:/Users/User/Documents/Unreal Projects/Squaradox/Content/PuzzleImages/Kids/Kids4.uexp" 563
"C:/Users/User/Documents/Unreal Projects/Squaradox/Content/Sounds/Waves/back-button.ubulk" 564
"C:/Users/User/Documents/Unreal Projects/Squaradox/Content/Sounds/Waves/back-button.uasset" 565
"C:/Users/User/Documents/Unreal Projects/Squaradox/Content/Sounds/Waves/back-button.uexp" 566
"C:/Users/User/Documents/Unreal Projects/Squaradox/Content/Sounds/Cues/back-button_Cue.uasset" 567
"C:/Users/User/Documents/Unreal Projects/Squaradox/Content/Sounds/Cues/back-button_Cue.uexp" 568
"C:/Users/User/Documents/Unreal Projects/Squaradox/Content/MobileUIKit/closeButton.ubulk" 569
"C:/Users/User/Documents/Unreal Projects/Squaradox/Content/MobileUIKit/closeButton.uasset" 570
"C:/Users/User/Documents/Unreal Projects/Squaradox/Content/MobileUIKit/closeButton.uexp" 571
"C:/Users/User/Documents/Unreal Projects/Squaradox/Content/MobileUIKit/Icons/T_Icon_music.uasset" 572
"C:/Users/User/Documents/Unreal Projects/Squaradox/Content/MobileUIKit/Icons/T_Icon_music.uexp" 573
"C:/Users/User/Documents/Unreal Projects/Squaradox/Content/MobileUIKit/Buttons/T_Button_61_inverse.uasset" 574
"C:/Users/User/Documents/Unreal Projects/Squaradox/Content/MobileUIKit/Buttons/T_Button_61_inverse.uexp" 575
"C:/Users/User/Documents/Unreal Projects/Squaradox/Content/Sounds/Waves/ButtonClick1.ubulk" 576
"C:/Users/User/Documents/Unreal Projects/Squaradox/Content/Sounds/Waves/ButtonClick1.uasset" 577
"C:/Users/User/Documents/Unreal Projects/Squaradox/Content/Sounds/Waves/ButtonClick1.uexp" 578
"C:/Users/User/Documents/Unreal Projects/Squaradox/Content/Sounds/Cues/ButtonClick1_Cue.uasset" 579
"C:/Users/User/Documents/Unreal Projects/Squaradox/Content/Sounds/Cues/ButtonClick1_Cue.uexp" 580
"C:/Users/User/Documents/Unreal Projects/Squaradox/Content/MobileUIKit/Icons/T_Icon_check.uasset" 581
"C:/Users/User/Documents/Unreal Projects/Squaradox/Content/MobileUIKit/Icons/T_Icon_check.uexp" 582
"C:/Users/User/Documents/Unreal Projects/Squaradox/Content/Blueprints/UI/ChangeColorButton.uasset" 583
"C:/Users/User/Documents/Unreal Projects/Squaradox/Content/Blueprints/UI/ChangeColorButton.uexp" 584
"C:/Users/User/Documents/Unreal Projects/Squaradox/Content/MobileUIKit/Icons/T_Icon_undo.uasset" 585
"C:/Users/User/Documents/Unreal Projects/Squaradox/Content/MobileUIKit/Icons/T_Icon_undo.uexp" 586
"C:/Users/User/Documents/Unreal Projects/Squaradox/Content/MobileUIKit/Icons/T_Icon_music_mute.uasset" 587
"C:/Users/User/Documents/Unreal Projects/Squaradox/Content/MobileUIKit/Icons/T_Icon_music_mute.uexp" 588
"C:/Users/User/Documents/Unreal Projects/Squaradox/Content/MobileUIKit/Buttons/T_Button_21.uasset" 589
"C:/Users/User/Documents/Unreal Projects/Squaradox/Content/MobileUIKit/Buttons/T_Button_21.uexp" 590
"C:/Users/User/Documents/Unreal Projects/Squaradox/Content/MobileUIKit/Buttons/T_Button_22.uasset" 591
"C:/Users/User/Documents/Unreal Projects/Squaradox/Content/MobileUIKit/Buttons/T_Button_22.uexp" 592
"C:/Users/User/Documents/Unreal Projects/Squaradox/Content/MobileUIKit/Buttons/T_Button_23.uasset" 593
"C:/Users/User/Documents/Unreal Projects/Squaradox/Content/MobileUIKit/Buttons/T_Button_23.uexp" 594
"C:/Users/User/Documents/Unreal Projects/Squaradox/Content/MobileUIKit/Buttons/T_Button_29.uasset" 595
"C:/Users/User/Documents/Unreal Projects/Squaradox/Content/MobileUIKit/Buttons/T_Button_29.uexp" 596
"C:/Users/User/Documents/Unreal Projects/Squaradox/Content/MobileUIKit/Buttons/T_Button_42.uasset" 597
"C:/Users/User/Documents/Unreal Projects/Squaradox/Content/MobileUIKit/Buttons/T_Button_42.uexp" 598
"C:/Users/User/Documents/Unreal Projects/Squaradox/Content/MobileUIKit/Buttons/T_Button_47.uasset" 599
"C:/Users/User/Documents/Unreal Projects/Squaradox/Content/MobileUIKit/Buttons/T_Button_47.uexp" 600
"C:/Users/User/Documents/Unreal Projects/Squaradox/Content/MobileUIKit/Buttons/T_Button_61.uasset" 601
"C:/Users/User/Documents/Unreal Projects/Squaradox/Content/MobileUIKit/Buttons/T_Button_61.uexp" 602
"C:/Users/User/Documents/Unreal Projects/Squaradox/Content/MobileUIKit/Icons/T_Icon_volume_off.uasset" 603
"C:/Users/User/Documents/Unreal Projects/Squaradox/Content/MobileUIKit/Icons/T_Icon_volume_off.uexp" 604
"C:/Users/User/Documents/Unreal Projects/Squaradox/Content/MobileUIKit/Icons/T_Icon_volume_on.uasset" 605
"C:/Users/User/Documents/Unreal Projects/Squaradox/Content/MobileUIKit/Icons/T_Icon_volume_on.uexp" 606
"C:/Users/User/Documents/Unreal Projects/Squaradox/Content/Blueprints/UI/Settings_WB.uasset" 607
"C:/Users/User/Documents/Unreal Projects/Squaradox/Content/Blueprints/UI/Settings_WB.uexp" 608
"../../../Engine/Content/EngineFonts/Faces/RobotoLight.uexp" 609
"../../../Engine/Content/EngineFonts/Faces/RobotoLight.uasset" 610
"../../../Engine/Content/EngineFonts/Faces/RobotoLight.ufont" 611
"../../../Engine/Content/EngineFonts/Faces/RobotoBold.uexp" 612
"../../../Engine/Content/EngineFonts/Faces/RobotoBold.uasset" 613
"../../../Engine/Content/EngineFonts/Faces/RobotoBold.ufont" 614
"../../../Engine/Content/EngineFonts/Faces/RobotoRegular.uexp" 615
"../../../Engine/Content/EngineFonts/Faces/RobotoRegular.uasset" 616
"../../../Engine/Content/EngineFonts/Faces/RobotoRegular.ufont" 617
"../../../Engine/Content/EngineFonts/Faces/DroidSansFallback.uexp" 618
"../../../Engine/Content/EngineFonts/Faces/DroidSansFallback.uasset" 619
"../../../Engine/Content/EngineFonts/Faces/DroidSansFallback.ufont" 620
"../../../Engine/Content/EngineFonts/Faces/RobotoItalic.uexp" 621
"../../../Engine/Content/EngineFonts/Faces/RobotoItalic.uasset" 622
"../../../Engine/Content/EngineFonts/Faces/RobotoItalic.ufont" 623
"../../../Engine/Content/EngineFonts/Faces/RobotoBoldItalic.uexp" 624
"../../../Engine/Content/EngineFonts/Faces/RobotoBoldItalic.uasset" 625
"../../../Engine/Content/EngineFonts/Faces/RobotoBoldItalic.ufont" 626
"../../../Engine/Content/EngineFonts/Roboto.uasset" 627
"../../../Engine/Content/EngineFonts/Roboto.uexp" 628
"C:/Users/User/Documents/Unreal Projects/Squaradox/Content/MobileUIKit/ItemIcons/T_Star_6.uasset" 629
"C:/Users/User/Documents/Unreal Projects/Squaradox/Content/MobileUIKit/ItemIcons/T_Star_6.uexp" 630
"C:/Users/User/Documents/Unreal Projects/Squaradox/Content/Blueprints/UI/Points.uasset" 631
"C:/Users/User/Documents/Unreal Projects/Squaradox/Content/Blueprints/UI/Points.uexp" 632
"C:/Users/User/Documents/Unreal Projects/Squaradox/Content/Blueprints/UI/GamePlay/GameOver_WB.uasset" 633
"C:/Users/User/Documents/Unreal Projects/Squaradox/Content/Blueprints/UI/GamePlay/GameOver_WB.uexp" 634
"C:/Users/User/Documents/Unreal Projects/Squaradox/Content/Sounds/Waves/Correct_Sound.ubulk" 635
"C:/Users/User/Documents/Unreal Projects/Squaradox/Content/Sounds/Waves/Correct_Sound.uasset" 636
"C:/Users/User/Documents/Unreal Projects/Squaradox/Content/Sounds/Waves/Correct_Sound.uexp" 637
"C:/Users/User/Documents/Unreal Projects/Squaradox/Content/Sounds/Cues/Correct_Sound_Cue.uasset" 638
"C:/Users/User/Documents/Unreal Projects/Squaradox/Content/Sounds/Cues/Correct_Sound_Cue.uexp" 639
"C:/Users/User/Documents/Unreal Projects/Squaradox/Content/Blueprints/GameLogic/GamePlay_GM.uasset" 640
"C:/Users/User/Documents/Unreal Projects/Squaradox/Content/Blueprints/GameLogic/GamePlay_GM.uexp" 641
"C:/Users/User/Documents/Unreal Projects/Squaradox/Content/PuzzleImages/Animals/2_Deers.uasset" 642
"C:/Users/User/Documents/Unreal Projects/Squaradox/Content/PuzzleImages/Animals/2_Deers.uexp" 643
"C:/Users/User/Documents/Unreal Projects/Squaradox/Content/Blueprints/UI/GamePlay/Puzzle_WB.uasset" 644
"C:/Users/User/Documents/Unreal Projects/Squaradox/Content/Blueprints/UI/GamePlay/Puzzle_WB.uexp" 645
"C:/Users/User/Documents/Unreal Projects/Squaradox/Content/PuzzleImages/Fantasy/Fantasy4.uasset" 646
"C:/Users/User/Documents/Unreal Projects/Squaradox/Content/PuzzleImages/Fantasy/Fantasy4.uexp" 647
"C:/Users/User/Documents/Unreal Projects/Squaradox/Content/PuzzleImages/Nature/Nature7.uasset" 648
"C:/Users/User/Documents/Unreal Projects/Squaradox/Content/PuzzleImages/Nature/Nature7.uexp" 649
"C:/Users/User/Documents/Unreal Projects/Squaradox/Content/PuzzleImages/Landmarks/Landmark10.uasset" 650
"C:/Users/User/Documents/Unreal Projects/Squaradox/Content/PuzzleImages/Landmarks/Landmark10.uexp" 651
"C:/Users/User/Documents/Unreal Projects/Squaradox/Content/PuzzleImages/Fantasy/Fantasy1.uasset" 652
"C:/Users/User/Documents/Unreal Projects/Squaradox/Content/PuzzleImages/Fantasy/Fantasy1.uexp" 653
"C:/Users/User/Documents/Unreal Projects/Squaradox/Content/PuzzleImages/Kids/Kids1.uasset" 654
"C:/Users/User/Documents/Unreal Projects/Squaradox/Content/PuzzleImages/Kids/Kids1.uexp" 655
"C:/Users/User/Documents/Unreal Projects/Squaradox/Content/PuzzleImages/Kids/Kids13.uasset" 656
"C:/Users/User/Documents/Unreal Projects/Squaradox/Content/PuzzleImages/Kids/Kids13.uexp" 657
"C:/Users/User/Documents/Unreal Projects/Squaradox/Content/PuzzleImages/VideoGames/VideoGames7.uasset" 658
"C:/Users/User/Documents/Unreal Projects/Squaradox/Content/PuzzleImages/VideoGames/VideoGames7.uexp" 659
"C:/Users/User/Documents/Unreal Projects/Squaradox/Content/PuzzleImages/Nature/Nature14.uasset" 660
"C:/Users/User/Documents/Unreal Projects/Squaradox/Content/PuzzleImages/Nature/Nature14.uexp" 661
"C:/Users/User/Documents/Unreal Projects/Squaradox/Content/PuzzleImages/Kids/Kids12.uasset" 662
"C:/Users/User/Documents/Unreal Projects/Squaradox/Content/PuzzleImages/Kids/Kids12.uexp" 663
"C:/Users/User/Documents/Unreal Projects/Squaradox/Content/PuzzleImages/Kids/Kids2.uasset" 664
"C:/Users/User/Documents/Unreal Projects/Squaradox/Content/PuzzleImages/Kids/Kids2.uexp" 665
"C:/Users/User/Documents/Unreal Projects/Squaradox/Content/PuzzleImages/Fantasy/Fantasy6.ubulk" 666
"C:/Users/User/Documents/Unreal Projects/Squaradox/Content/PuzzleImages/Fantasy/Fantasy6.uasset" 667
"C:/Users/User/Documents/Unreal Projects/Squaradox/Content/PuzzleImages/Fantasy/Fantasy6.uexp" 668
"C:/Users/User/Documents/Unreal Projects/Squaradox/Content/PuzzleImages/Kids/Kids6.uasset" 669
"C:/Users/User/Documents/Unreal Projects/Squaradox/Content/PuzzleImages/Kids/Kids6.uexp" 670
"C:/Users/User/Documents/Unreal Projects/Squaradox/Content/PuzzleImages/Landmarks/Landmark3.uasset" 671
"C:/Users/User/Documents/Unreal Projects/Squaradox/Content/PuzzleImages/Landmarks/Landmark3.uexp" 672
"C:/Users/User/Documents/Unreal Projects/Squaradox/Content/PuzzleImages/Nature/Nature2.uasset" 673
"C:/Users/User/Documents/Unreal Projects/Squaradox/Content/PuzzleImages/Nature/Nature2.uexp" 674
"C:/Users/User/Documents/Unreal Projects/Squaradox/Content/PuzzleImages/Animals/Chick.uasset" 675
"C:/Users/User/Documents/Unreal Projects/Squaradox/Content/PuzzleImages/Animals/Chick.uexp" 676
"C:/Users/User/Documents/Unreal Projects/Squaradox/Content/PuzzleImages/Paintings/Paintings3.ubulk" 677
"C:/Users/User/Documents/Unreal Projects/Squaradox/Content/PuzzleImages/Paintings/Paintings3.uasset" 678
"C:/Users/User/Documents/Unreal Projects/Squaradox/Content/PuzzleImages/Paintings/Paintings3.uexp" 679
"C:/Users/User/Documents/Unreal Projects/Squaradox/Content/Sounds/Mixes/MuteSFX.uasset" 680
"C:/Users/User/Documents/Unreal Projects/Squaradox/Content/Sounds/Mixes/MuteSFX.uexp" 681
"C:/Users/User/Documents/Unreal Projects/Squaradox/Content/PuzzleImages/Nature/Nature8.uasset" 682
"C:/Users/User/Documents/Unreal Projects/Squaradox/Content/PuzzleImages/Nature/Nature8.uexp" 683
"C:/Users/User/Documents/Unreal Projects/Squaradox/Content/PuzzleImages/Animals/Bee.uasset" 684
"C:/Users/User/Documents/Unreal Projects/Squaradox/Content/PuzzleImages/Animals/Bee.uexp" 685
"C:/Users/User/Documents/Unreal Projects/Squaradox/Content/PuzzleImages/Animals/Chicken.uasset" 686
"C:/Users/User/Documents/Unreal Projects/Squaradox/Content/PuzzleImages/Animals/Chicken.uexp" 687
"C:/Users/User/Documents/Unreal Projects/Squaradox/Content/PuzzleImages/Fantasy/Fantasy15.ubulk" 688
"C:/Users/User/Documents/Unreal Projects/Squaradox/Content/PuzzleImages/Fantasy/Fantasy15.uasset" 689
"C:/Users/User/Documents/Unreal Projects/Squaradox/Content/PuzzleImages/Fantasy/Fantasy15.uexp" 690
"C:/Users/User/Documents/Unreal Projects/Squaradox/Content/PuzzleImages/Paintings/Paintings12.uasset" 691
"C:/Users/User/Documents/Unreal Projects/Squaradox/Content/PuzzleImages/Paintings/Paintings12.uexp" 692
"C:/Users/User/Documents/Unreal Projects/Squaradox/Content/PuzzleImages/Landmarks/Landmark1.uasset" 693
"C:/Users/User/Documents/Unreal Projects/Squaradox/Content/PuzzleImages/Landmarks/Landmark1.uexp" 694
"C:/Users/User/Documents/Unreal Projects/Squaradox/Content/PuzzleImages/Kids/Kids7.uasset" 695
"C:/Users/User/Documents/Unreal Projects/Squaradox/Content/PuzzleImages/Kids/Kids7.uexp" 696
"C:/Users/User/Documents/Unreal Projects/Squaradox/Content/PuzzleImages/Paintings/Paintings10.uasset" 697
"C:/Users/User/Documents/Unreal Projects/Squaradox/Content/PuzzleImages/Paintings/Paintings10.uexp" 698
"C:/Users/User/Documents/Unreal Projects/Squaradox/Content/PuzzleImages/Paintings/Paintings7.uasset" 699
"C:/Users/User/Documents/Unreal Projects/Squaradox/Content/PuzzleImages/Paintings/Paintings7.uexp" 700
"C:/Users/User/Documents/Unreal Projects/Squaradox/Content/PuzzleImages/Fantasy/Fantasy5.uasset" 701
"C:/Users/User/Documents/Unreal Projects/Squaradox/Content/PuzzleImages/Fantasy/Fantasy5.uexp" 702
"C:/Users/User/Documents/Unreal Projects/Squaradox/Content/PuzzleImages/Fantasy/Fantasy10.ubulk" 703
"C:/Users/User/Documents/Unreal Projects/Squaradox/Content/PuzzleImages/Fantasy/Fantasy10.uasset" 704
"C:/Users/User/Documents/Unreal Projects/Squaradox/Content/PuzzleImages/Fantasy/Fantasy10.uexp" 705
"C:/Users/User/Documents/Unreal Projects/Squaradox/Content/PuzzleImages/Nature/Nature4.uasset" 706
"C:/Users/User/Documents/Unreal Projects/Squaradox/Content/PuzzleImages/Nature/Nature4.uexp" 707
"C:/Users/User/Documents/Unreal Projects/Squaradox/Content/PuzzleImages/VideoGames/VideoGames10.uasset" 708
"C:/Users/User/Documents/Unreal Projects/Squaradox/Content/PuzzleImages/VideoGames/VideoGames10.uexp" 709
"C:/Users/User/Documents/Unreal Projects/Squaradox/Content/PuzzleImages/Nature/Nature9.uasset" 710
"C:/Users/User/Documents/Unreal Projects/Squaradox/Content/PuzzleImages/Nature/Nature9.uexp" 711
"C:/Users/User/Documents/Unreal Projects/Squaradox/Content/PuzzleImages/Paintings/Paintings2.uasset" 712
"C:/Users/User/Documents/Unreal Projects/Squaradox/Content/PuzzleImages/Paintings/Paintings2.uexp" 713
"C:/Users/User/Documents/Unreal Projects/Squaradox/Content/PuzzleImages/Nature/Nature3.uasset" 714
"C:/Users/User/Documents/Unreal Projects/Squaradox/Content/PuzzleImages/Nature/Nature3.uexp" 715
"C:/Users/User/Documents/Unreal Projects/Squaradox/Content/PuzzleImages/Animals/White_Rabbit.uasset" 716
"C:/Users/User/Documents/Unreal Projects/Squaradox/Content/PuzzleImages/Animals/White_Rabbit.uexp" 717
"C:/Users/User/Documents/Unreal Projects/Squaradox/Content/PuzzleImages/Paintings/Paintings11.uasset" 718
"C:/Users/User/Documents/Unreal Projects/Squaradox/Content/PuzzleImages/Paintings/Paintings11.uexp" 719
"C:/Users/User/Documents/Unreal Projects/Squaradox/Content/PuzzleImages/Fantasy/Fantasy2.uasset" 720
"C:/Users/User/Documents/Unreal Projects/Squaradox/Content/PuzzleImages/Fantasy/Fantasy2.uexp" 721
"C:/Users/User/Documents/Unreal Projects/Squaradox/Content/PuzzleImages/Nature/Nature1.uasset" 722
"C:/Users/User/Documents/Unreal Projects/Squaradox/Content/PuzzleImages/Nature/Nature1.uexp" 723
"C:/Users/User/Documents/Unreal Projects/Squaradox/Content/PuzzleImages/Fantasy/Fantasy11.ubulk" 724
"C:/Users/User/Documents/Unreal Projects/Squaradox/Content/PuzzleImages/Fantasy/Fantasy11.uasset" 725
"C:/Users/User/Documents/Unreal Projects/Squaradox/Content/PuzzleImages/Fantasy/Fantasy11.uexp" 726
"C:/Users/User/Documents/Unreal Projects/Squaradox/Content/PuzzleImages/Paintings/Paintings14.uasset" 727
"C:/Users/User/Documents/Unreal Projects/Squaradox/Content/PuzzleImages/Paintings/Paintings14.uexp" 728
"C:/Users/User/Documents/Unreal Projects/Squaradox/Content/PuzzleImages/Fantasy/Fantasy14.ubulk" 729
"C:/Users/User/Documents/Unreal Projects/Squaradox/Content/PuzzleImages/Fantasy/Fantasy14.uasset" 730
"C:/Users/User/Documents/Unreal Projects/Squaradox/Content/PuzzleImages/Fantasy/Fantasy14.uexp" 731
"C:/Users/User/Documents/Unreal Projects/Squaradox/Content/PuzzleImages/Nature/Nature10.uasset" 732
"C:/Users/User/Documents/Unreal Projects/Squaradox/Content/PuzzleImages/Nature/Nature10.uexp" 733
"C:/Users/User/Documents/Unreal Projects/Squaradox/Content/PuzzleImages/Paintings/Paintings5.uasset" 734
"C:/Users/User/Documents/Unreal Projects/Squaradox/Content/PuzzleImages/Paintings/Paintings5.uexp" 735
"C:/Users/User/Documents/Unreal Projects/Squaradox/Content/PuzzleImages/Animals/Monkey.uasset" 736
"C:/Users/User/Documents/Unreal Projects/Squaradox/Content/PuzzleImages/Animals/Monkey.uexp" 737
"C:/Users/User/Documents/Unreal Projects/Squaradox/Content/PuzzleImages/Paintings/Paintings1.uasset" 738
"C:/Users/User/Documents/Unreal Projects/Squaradox/Content/PuzzleImages/Paintings/Paintings1.uexp" 739
"C:/Users/User/Documents/Unreal Projects/Squaradox/Content/PuzzleImages/Animals/2_Golden_Retrievers.uasset" 740
"C:/Users/User/Documents/Unreal Projects/Squaradox/Content/PuzzleImages/Animals/2_Golden_Retrievers.uexp" 741
"C:/Users/User/Documents/Unreal Projects/Squaradox/Content/PuzzleImages/Nature/Nature11.uasset" 742
"C:/Users/User/Documents/Unreal Projects/Squaradox/Content/PuzzleImages/Nature/Nature11.uexp" 743
"C:/Users/User/Documents/Unreal Projects/Squaradox/Content/PuzzleImages/VideoGames/VideoGames13.uasset" 744
"C:/Users/User/Documents/Unreal Projects/Squaradox/Content/PuzzleImages/VideoGames/VideoGames13.uexp" 745
"C:/Users/User/Documents/Unreal Projects/Squaradox/Content/PuzzleImages/VideoGames/VideoGames14.uasset" 746
"C:/Users/User/Documents/Unreal Projects/Squaradox/Content/PuzzleImages/VideoGames/VideoGames14.uexp" 747
"C:/Users/User/Documents/Unreal Projects/Squaradox/Content/PuzzleImages/Fantasy/Fantasy12.ubulk" 748
"C:/Users/User/Documents/Unreal Projects/Squaradox/Content/PuzzleImages/Fantasy/Fantasy12.uasset" 749
"C:/Users/User/Documents/Unreal Projects/Squaradox/Content/PuzzleImages/Fantasy/Fantasy12.uexp" 750
"C:/Users/User/Documents/Unreal Projects/Squaradox/Content/PuzzleImages/Landmarks/Landmark13.uasset" 751
"C:/Users/User/Documents/Unreal Projects/Squaradox/Content/PuzzleImages/Landmarks/Landmark13.uexp" 752
"C:/Users/User/Documents/Unreal Projects/Squaradox/Content/PuzzleImages/VideoGames/VideoGames12.uasset" 753
"C:/Users/User/Documents/Unreal Projects/Squaradox/Content/PuzzleImages/VideoGames/VideoGames12.uexp" 754
"C:/Users/User/Documents/Unreal Projects/Squaradox/Content/PuzzleImages/Paintings/Paintings9.uasset" 755
"C:/Users/User/Documents/Unreal Projects/Squaradox/Content/PuzzleImages/Paintings/Paintings9.uexp" 756
"C:/Users/User/Documents/Unreal Projects/Squaradox/Content/PuzzleImages/Landmarks/Landmark14.uasset" 757
"C:/Users/User/Documents/Unreal Projects/Squaradox/Content/PuzzleImages/Landmarks/Landmark14.uexp" 758
"C:/Users/User/Documents/Unreal Projects/Squaradox/Content/PuzzleImages/Paintings/Paintings4.uasset" 759
"C:/Users/User/Documents/Unreal Projects/Squaradox/Content/PuzzleImages/Paintings/Paintings4.uexp" 760
"C:/Users/User/Documents/Unreal Projects/Squaradox/Content/PuzzleImages/VideoGames/VideoGames1.uasset" 761
"C:/Users/User/Documents/Unreal Projects/Squaradox/Content/PuzzleImages/VideoGames/VideoGames1.uexp" 762
"C:/Users/User/Documents/Unreal Projects/Squaradox/Content/PuzzleImages/Kids/Kids10.uasset" 763
"C:/Users/User/Documents/Unreal Projects/Squaradox/Content/PuzzleImages/Kids/Kids10.uexp" 764
"C:/Users/User/Documents/Unreal Projects/Squaradox/Content/PuzzleImages/VideoGames/VideoGames3.uasset" 765
"C:/Users/User/Documents/Unreal Projects/Squaradox/Content/PuzzleImages/VideoGames/VideoGames3.uexp" 766
"C:/Users/User/Documents/Unreal Projects/Squaradox/Content/PuzzleImages/Nature/Nature12.uasset" 767
"C:/Users/User/Documents/Unreal Projects/Squaradox/Content/PuzzleImages/Nature/Nature12.uexp" 768
"C:/Users/User/Documents/Unreal Projects/Squaradox/Content/PuzzleImages/Animals/Squirrel.uasset" 769
"C:/Users/User/Documents/Unreal Projects/Squaradox/Content/PuzzleImages/Animals/Squirrel.uexp" 770
"C:/Users/User/Documents/Unreal Projects/Squaradox/Content/PuzzleImages/Animals/Panda.uasset" 771
"C:/Users/User/Documents/Unreal Projects/Squaradox/Content/PuzzleImages/Animals/Panda.uexp" 772
"C:/Users/User/Documents/Unreal Projects/Squaradox/Content/PuzzleImages/Fantasy/Fantasy13.ubulk" 773
"C:/Users/User/Documents/Unreal Projects/Squaradox/Content/PuzzleImages/Fantasy/Fantasy13.uasset" 774
"C:/Users/User/Documents/Unreal Projects/Squaradox/Content/PuzzleImages/Fantasy/Fantasy13.uexp" 775
"C:/Users/User/Documents/Unreal Projects/Squaradox/Content/PuzzleImages/Animals/SmallCat1.uasset" 776
"C:/Users/User/Documents/Unreal Projects/Squaradox/Content/PuzzleImages/Animals/SmallCat1.uexp" 777
"C:/Users/User/Documents/Unreal Projects/Squaradox/Content/PuzzleImages/Animals/Koalas.uasset" 778
"C:/Users/User/Documents/Unreal Projects/Squaradox/Content/PuzzleImages/Animals/Koalas.uexp" 779
"C:/Users/User/Documents/Unreal Projects/Squaradox/Content/PuzzleImages/Paintings/Paintings13.uasset" 780
"C:/Users/User/Documents/Unreal Projects/Squaradox/Content/PuzzleImages/Paintings/Paintings13.uexp" 781
"C:/Users/User/Documents/Unreal Projects/Squaradox/Content/Blueprints/GameLogic/GameSave_BP.uasset" 782
"C:/Users/User/Documents/Unreal Projects/Squaradox/Content/Blueprints/GameLogic/GameSave_BP.uexp" 783
"C:/Users/User/Documents/Unreal Projects/Squaradox/Content/Blueprints/Interfaces/GameSaveInterface.uasset" 784
"C:/Users/User/Documents/Unreal Projects/Squaradox/Content/Blueprints/Interfaces/GameSaveInterface.uexp" 785
"C:/Users/User/Documents/Unreal Projects/Squaradox/Content/Blueprints/GameLogic/GameInfoInstance.uasset" 786
"C:/Users/User/Documents/Unreal Projects/Squaradox/Content/Blueprints/GameLogic/GameInfoInstance.uexp" 787
"../../../Engine/Content/Functions/Engine_MaterialFunctions02/Math/AddComponents.uasset" 788
"../../../Engine/Content/Functions/Engine_MaterialFunctions02/Math/AddComponents.uexp" 789
"../../../Engine/Content/Functions/Engine_MaterialFunctions01/Texturing/FlattenNormal.uasset" 790
"../../../Engine/Content/Functions/Engine_MaterialFunctions01/Texturing/FlattenNormal.uexp" 791
"../../../Engine/Content/EngineSky/VolumetricClouds/CloudWeatherTexture.uasset" 792
"../../../Engine/Content/EngineSky/VolumetricClouds/CloudWeatherTexture.uexp" 793
"../../../Engine/Content/Functions/Engine_MaterialFunctions02/Utility/MakeFloat2.uasset" 794
"../../../Engine/Content/Functions/Engine_MaterialFunctions02/Utility/MakeFloat2.uexp" 795
"../../../Engine/Content/EngineSky/VolumetricClouds/CloudGradientTexture.uasset" 796
"../../../Engine/Content/EngineSky/VolumetricClouds/CloudGradientTexture.uexp" 797
"../../../Engine/Content/EngineSky/VolumetricClouds/T_NoiseShape64.ubulk" 798
"../../../Engine/Content/EngineSky/VolumetricClouds/T_NoiseShape64.uasset" 799
"../../../Engine/Content/EngineSky/VolumetricClouds/T_NoiseShape64.uexp" 800
"../../../Engine/Content/EngineSky/VolumetricClouds/T_VolumeNoiseShape64.uasset" 801
"../../../Engine/Content/EngineSky/VolumetricClouds/T_VolumeNoiseShape64.uexp" 802
"../../../Engine/Content/EngineSky/VolumetricClouds/T_NoiseErosion.ubulk" 803
"../../../Engine/Content/EngineSky/VolumetricClouds/T_NoiseErosion.uasset" 804
"../../../Engine/Content/EngineSky/VolumetricClouds/T_NoiseErosion.uexp" 805
"../../../Engine/Content/EngineSky/VolumetricClouds/T_VolumeNoiseErosion32.uasset" 806
"../../../Engine/Content/EngineSky/VolumetricClouds/T_VolumeNoiseErosion32.uexp" 807
"../../../Engine/Content/EngineSky/VolumetricClouds/m_SimpleVolumetricCloud.uasset" 808
"../../../Engine/Content/EngineSky/VolumetricClouds/m_SimpleVolumetricCloud.uexp" 809
"../../../Engine/Content/EngineSky/VolumetricClouds/m_SimpleVolumetricCloud_Inst.uasset" 810
"../../../Engine/Content/EngineSky/VolumetricClouds/m_SimpleVolumetricCloud_Inst.uexp" 811
"../../../Engine/Content/EngineResources/FilmGrains/Marcie_Grain_v3_128_M2_000.uasset" 812
"../../../Engine/Content/EngineResources/FilmGrains/Marcie_Grain_v3_128_M2_000.uexp" 813
"../../../Engine/Content/Functions/Engine_MaterialFunctions01/Shading/PowerToRoughness.uasset" 814
"../../../Engine/Content/Functions/Engine_MaterialFunctions01/Shading/PowerToRoughness.uexp" 815
"../../../Engine/Content/Functions/Engine_MaterialFunctions01/Shading/ConvertFromDiffSpec.uasset" 816
"../../../Engine/Content/Functions/Engine_MaterialFunctions01/Shading/ConvertFromDiffSpec.uexp" 817
"../../../Engine/Content/EngineMaterials/Substrate/Volume/SubstrateSimpleVolumeLUT3D.uasset" 818
"../../../Engine/Content/EngineMaterials/Substrate/Volume/SubstrateSimpleVolumeLUT3D.uexp" 819
"../../../Engine/Content/EngineMaterials/Substrate/Volume/SubstrateSimpleVolumeEnvLUT3D.uasset" 820
"../../../Engine/Content/EngineMaterials/Substrate/Volume/SubstrateSimpleVolumeEnvLUT3D.uexp" 821
"../../../Engine/Content/EngineMaterials/Substrate/GLints2/AGlintTex2dArray2.uasset" 822
"../../../Engine/Content/EngineMaterials/Substrate/GLints2/AGlintTex2dArray2.uexp" 823
"../../../Engine/Content/EngineMaterials/Substrate/GLints/AGlintTex2dArray.uasset" 824
"../../../Engine/Content/EngineMaterials/Substrate/GLints/AGlintTex2dArray.uexp" 825
"C:/Users/User/Documents/Unreal Projects/Squaradox/Content/Maps/PuzzleMap.uexp" 826
"C:/Users/User/Documents/Unreal Projects/Squaradox/Content/Maps/PuzzleMap.umap" 827
"C:/Users/User/Documents/Unreal Projects/Squaradox/Content/MobileUIKit/Icons/T_Icon_22.uasset" 828
"C:/Users/User/Documents/Unreal Projects/Squaradox/Content/MobileUIKit/Icons/T_Icon_22.uexp" 829
"C:/Users/User/Documents/Unreal Projects/Squaradox/Content/MobileUIKit/Buttons/T_Button_26.uasset" 830
"C:/Users/User/Documents/Unreal Projects/Squaradox/Content/MobileUIKit/Buttons/T_Button_26.uexp" 831
"C:/Users/User/Documents/Unreal Projects/Squaradox/Content/Blueprints/UI/MainMenu/TimedWindow_WB.uasset" 832
"C:/Users/User/Documents/Unreal Projects/Squaradox/Content/Blueprints/UI/MainMenu/TimedWindow_WB.uexp" 833
"C:/Users/User/Documents/Unreal Projects/Squaradox/Content/Blueprints/UI/MainMenu/Difficulty_Page_PuzzleImage_WB.uasset" 834
"C:/Users/User/Documents/Unreal Projects/Squaradox/Content/Blueprints/UI/MainMenu/Difficulty_Page_PuzzleImage_WB.uexp" 835
"C:/Users/User/Documents/Unreal Projects/Squaradox/Content/Blueprints/UI/MainMenu/ChooseDifficultyPage_WB.uasset" 836
"C:/Users/User/Documents/Unreal Projects/Squaradox/Content/Blueprints/UI/MainMenu/ChooseDifficultyPage_WB.uexp" 837
"C:/Users/User/Documents/Unreal Projects/Squaradox/Content/Blueprints/UI/MainMenu/Puzzle_Image_MM_WB.uasset" 838
"C:/Users/User/Documents/Unreal Projects/Squaradox/Content/Blueprints/UI/MainMenu/Puzzle_Image_MM_WB.uexp" 839
"C:/Users/User/Documents/Unreal Projects/Squaradox/Content/Blueprints/UI/MainMenu/GalleryImage_WB.uasset" 840
"C:/Users/User/Documents/Unreal Projects/Squaradox/Content/Blueprints/UI/MainMenu/GalleryImage_WB.uexp" 841
"C:/Users/User/Documents/Unreal Projects/Squaradox/Content/Blueprints/UI/MainMenu/GalleryButton_WB.uasset" 842
"C:/Users/User/Documents/Unreal Projects/Squaradox/Content/Blueprints/UI/MainMenu/GalleryButton_WB.uexp" 843
"C:/Users/User/Documents/Unreal Projects/Squaradox/Content/Sounds/Waves/purchase.ubulk" 844
"C:/Users/User/Documents/Unreal Projects/Squaradox/Content/Sounds/Waves/purchase.uasset" 845
"C:/Users/User/Documents/Unreal Projects/Squaradox/Content/Sounds/Waves/purchase.uexp" 846
"C:/Users/User/Documents/Unreal Projects/Squaradox/Content/Sounds/Cues/purchase_Cue.uasset" 847
"C:/Users/User/Documents/Unreal Projects/Squaradox/Content/Sounds/Cues/purchase_Cue.uexp" 848
"C:/Users/User/Documents/Unreal Projects/Squaradox/Content/MobileUIKit/Selected_Button.uasset" 849
"C:/Users/User/Documents/Unreal Projects/Squaradox/Content/MobileUIKit/Selected_Button.uexp" 850
"C:/Users/User/Documents/Unreal Projects/Squaradox/Content/MobileUIKit/ItemIcons/T_Lock.uasset" 851
"C:/Users/User/Documents/Unreal Projects/Squaradox/Content/MobileUIKit/ItemIcons/T_Lock.uexp" 852
"C:/Users/User/Documents/Unreal Projects/Squaradox/Content/MobileUIKit/Buttons/T_Button_11.uasset" 853
"C:/Users/User/Documents/Unreal Projects/Squaradox/Content/MobileUIKit/Buttons/T_Button_11.uexp" 854
"C:/Users/User/Documents/Unreal Projects/Squaradox/Content/MobileUIKit/Buttons/T_Button_25.uasset" 855
"C:/Users/User/Documents/Unreal Projects/Squaradox/Content/MobileUIKit/Buttons/T_Button_25.uexp" 856
"C:/Users/User/Documents/Unreal Projects/Squaradox/Content/Blueprints/UI/MainMenu/StoreButton_WB.uasset" 857
"C:/Users/User/Documents/Unreal Projects/Squaradox/Content/Blueprints/UI/MainMenu/StoreButton_WB.uexp" 858
"C:/Users/User/Documents/Unreal Projects/Squaradox/Content/Blueprints/UI/MainMenu/Store_WB.uasset" 859
"C:/Users/User/Documents/Unreal Projects/Squaradox/Content/Blueprints/UI/MainMenu/Store_WB.uexp" 860
"C:/Users/User/Documents/Unreal Projects/Squaradox/Content/Blueprints/UI/MainMenu/ShopMoreButton_WB.uasset" 861
"C:/Users/User/Documents/Unreal Projects/Squaradox/Content/Blueprints/UI/MainMenu/ShopMoreButton_WB.uexp" 862
"C:/Users/User/Documents/Unreal Projects/Squaradox/Content/Blueprints/UI/MainMenu/PuzzleCategory_WB.uasset" 863
"C:/Users/User/Documents/Unreal Projects/Squaradox/Content/Blueprints/UI/MainMenu/PuzzleCategory_WB.uexp" 864
"C:/Users/User/Documents/Unreal Projects/Squaradox/Content/Blueprints/UI/MainMenu/MainMenu_WB.uasset" 865
"C:/Users/User/Documents/Unreal Projects/Squaradox/Content/Blueprints/UI/MainMenu/MainMenu_WB.uexp" 866
"C:/Users/User/Documents/Unreal Projects/Squaradox/Content/Blueprints/Interfaces/MainMenuGMInterface.uasset" 867
"C:/Users/User/Documents/Unreal Projects/Squaradox/Content/Blueprints/Interfaces/MainMenuGMInterface.uexp" 868
"C:/Users/User/Documents/Unreal Projects/Squaradox/Content/Blueprints/GameLogic/MainMenu_GM.uasset" 869
"C:/Users/User/Documents/Unreal Projects/Squaradox/Content/Blueprints/GameLogic/MainMenu_GM.uexp" 870
"C:/Users/User/Documents/Unreal Projects/Squaradox/Content/Maps/MainMenuMap.uexp" 871
"C:/Users/User/Documents/Unreal Projects/Squaradox/Content/Maps/MainMenuMap.umap" 872
"../../../Engine/Content/Maps/Entry_BuiltData.uasset" 873
"../../../Engine/Content/Maps/Entry_BuiltData.uexp" 874
"../../../Engine/Content/Maps/Entry.uexp" 875
"../../../Engine/Content/Maps/Entry.umap" 876
